

Microchip Technology PIC LITE Macro Assembler V1.33 build 59893 
                                                                                               Sun Mar 02 18:18:44 2025

Microchip Technology Omniscient Code Generator (Lite mode) build 59893
     1                           	processor	16F877A
     2                           	opt	pw 120
     3                           	opt	lm
     4                           	psect	text0,local,class=CODE,merge=1,delta=2
     5                           	psect	cinit,global,class=CODE,merge=1,delta=2
     6                           	psect	cstackCOMMON,global,class=COMMON,space=1,delta=1
     7                           	psect	maintext,global,class=CODE,split=1,delta=2
     8                           	psect	text1,local,class=CODE,merge=1,delta=2
     9                           	psect	text2,local,class=CODE,merge=1,delta=2
    10                           	psect	text3,local,class=CODE,merge=1,delta=2
    11                           	psect	text4,local,class=CODE,merge=1,delta=2
    12                           	dabs	1,0x7E,2
    13  0000                     	;# 
    14  0001                     	;# 
    15  0002                     	;# 
    16  0003                     	;# 
    17  0004                     	;# 
    18  0005                     	;# 
    19  0006                     	;# 
    20  0007                     	;# 
    21  0008                     	;# 
    22  0009                     	;# 
    23  000A                     	;# 
    24  000B                     	;# 
    25  000C                     	;# 
    26  000D                     	;# 
    27  000E                     	;# 
    28  000E                     	;# 
    29  000F                     	;# 
    30  0010                     	;# 
    31  0011                     	;# 
    32  0012                     	;# 
    33  0013                     	;# 
    34  0014                     	;# 
    35  0015                     	;# 
    36  0015                     	;# 
    37  0016                     	;# 
    38  0017                     	;# 
    39  0018                     	;# 
    40  0019                     	;# 
    41  001A                     	;# 
    42  001B                     	;# 
    43  001B                     	;# 
    44  001C                     	;# 
    45  001D                     	;# 
    46  001E                     	;# 
    47  001F                     	;# 
    48  0081                     	;# 
    49  0085                     	;# 
    50  0086                     	;# 
    51  0087                     	;# 
    52  0088                     	;# 
    53  0089                     	;# 
    54  008C                     	;# 
    55  008D                     	;# 
    56  008E                     	;# 
    57  0091                     	;# 
    58  0092                     	;# 
    59  0093                     	;# 
    60  0094                     	;# 
    61  0098                     	;# 
    62  0099                     	;# 
    63  009C                     	;# 
    64  009D                     	;# 
    65  009E                     	;# 
    66  009F                     	;# 
    67  010C                     	;# 
    68  010D                     	;# 
    69  010E                     	;# 
    70  010F                     	;# 
    71  018C                     	;# 
    72  018D                     	;# 
    73  0006                     _PORTB	set	6
    74  0038                     _RC0	set	56
    75  0039                     _RC1	set	57
    76  003A                     _RC2	set	58
    77  0086                     _TRISB	set	134
    78  0087                     _TRISC	set	135
    79                           
    80                           	psect	text0
    81  0000                     __ptext0:	
    82                           ; #config settings
    83                           
    84                           
    85                           ;psect for function _delay
    86  0000                     
    87                           	psect	cinit
    88  07FC                     start_initialization:	
    89  07FC                     __initialization:	
    90  07FC                     end_of_initialization:	
    91                           ;End of C runtime variable initialization code
    92                           
    93  07FC                     __end_of__initialization:	
    94  07FC  0183               	clrf	3
    95  07FD  120A  118A  2F9E   	ljmp	_main	;jump to C main() function
    96                           
    97                           	psect	cstackCOMMON
    98  0070                     __pcstackCOMMON:	
    99  0070                     ?_delay:	
   100  0070                     ?_dataCtrl:	
   101                           ; 0 bytes @ 0x0
   102                           
   103  0070                     ?_instCtrl:	
   104                           ; 0 bytes @ 0x0
   105                           
   106  0070                     ?_initLCD:	
   107                           ; 0 bytes @ 0x0
   108                           
   109  0070                     ?_main:	
   110                           ; 0 bytes @ 0x0
   111                           
   112  0070                     delay@cnt:	
   113                           ; 0 bytes @ 0x0
   114                           
   115                           
   116                           ; 2 bytes @ 0x0
   117  0070                     	ds	2
   118  0072                     ??_delay:	
   119  0072                     delay@i:	
   120                           ; 0 bytes @ 0x2
   121                           
   122                           
   123                           ; 2 bytes @ 0x2
   124  0072                     	ds	2
   125  0074                     delay@j:	
   126                           
   127                           ; 2 bytes @ 0x4
   128  0074                     	ds	2
   129  0076                     ??_dataCtrl:	
   130  0076                     ??_instCtrl:	
   131                           ; 0 bytes @ 0x6
   132                           
   133  0076                     dataCtrl@DATA:	
   134                           ; 0 bytes @ 0x6
   135                           
   136  0076                     instCtrl@INST:	
   137                           ; 1 bytes @ 0x6
   138                           
   139                           
   140                           ; 1 bytes @ 0x6
   141  0076                     	ds	1
   142  0077                     ??_initLCD:	
   143  0077                     ??_main:	
   144                           ; 0 bytes @ 0x7
   145                           
   146                           
   147                           	psect	maintext
   148  079E                     __pmaintext:	
   149                           ; 0 bytes @ 0x7
   150 ;;
   151 ;;Main: autosize = 0, tempsize = 0, incstack = 0, save=0
   152 ;;
   153 ;; *************** function _main *****************
   154 ;; Defined at:
   155 ;;		line 52 in file "D:\From old laptop\Subjects\Uni\3rd Year M\2nd sem\Embedded Systems\Practice\lcd\lcd.c"
   156 ;; Parameters:    Size  Location     Type
   157 ;;		None
   158 ;; Auto vars:     Size  Location     Type
   159 ;;		None
   160 ;; Return value:  Size  Location     Type
   161 ;;		None               void
   162 ;; Registers used:
   163 ;;		wreg, status,2, status,0, btemp+1, pclath, cstack
   164 ;; Tracked objects:
   165 ;;		On entry : 17F/0
   166 ;;		On exit  : 0/0
   167 ;;		Unchanged: 0/0
   168 ;; Data sizes:     COMMON   BANK0   BANK1   BANK3   BANK2
   169 ;;      Params:         0       0       0       0       0
   170 ;;      Locals:         0       0       0       0       0
   171 ;;      Temps:          0       0       0       0       0
   172 ;;      Totals:         0       0       0       0       0
   173 ;;Total ram usage:        0 bytes
   174 ;; Hardware stack levels required when called:    3
   175 ;; This function calls:
   176 ;;		_dataCtrl
   177 ;;		_initLCD
   178 ;;		_instCtrl
   179 ;; This function is called by:
   180 ;;		Startup code after reset
   181 ;; This function uses a non-reentrant model
   182 ;;
   183                           
   184                           
   185                           ;psect for function _main
   186  079E                     _main:	
   187                           
   188                           ;lcd.c: 53: TRISB = 0x00;
   189                           
   190                           ;incstack = 0
   191                           ; Regs used in _main: [wreg+status,2+status,0+btemp+1+pclath+cstack]
   192  079E  1683               	bsf	3,5	;RP0=1, select bank1
   193  079F  1303               	bcf	3,6	;RP1=0, select bank1
   194  07A0  0186               	clrf	6	;volatile
   195                           
   196                           ;lcd.c: 54: TRISC = 0x00;
   197  07A1  0187               	clrf	7	;volatile
   198                           
   199                           ;lcd.c: 55: initLCD();
   200  07A2  120A  118A  27B4  120A  118A  	fcall	_initLCD
   201                           
   202                           ;lcd.c: 56: instCtrl(0x80);
   203  07A7  3080               	movlw	128
   204  07A8  120A  118A  278B  120A  118A  	fcall	_instCtrl
   205                           
   206                           ;lcd.c: 57: dataCtrl('1');
   207  07AD  3031               	movlw	49
   208  07AE  120A  118A  2778  120A  118A  	fcall	_dataCtrl
   209  07B3                     l31:	
   210                           ;lcd.c: 59: while(1){}
   211                           
   212  07B3  2FB3               	goto	l31
   213  07B4                     __end_of_main:	
   214                           
   215                           	psect	text1
   216  07B4                     __ptext1:	
   217 ;; *************** function _initLCD *****************
   218 ;; Defined at:
   219 ;;		line 37 in file "D:\From old laptop\Subjects\Uni\3rd Year M\2nd sem\Embedded Systems\Practice\lcd\lcd.c"
   220 ;; Parameters:    Size  Location     Type
   221 ;;		None
   222 ;; Auto vars:     Size  Location     Type
   223 ;;		None
   224 ;; Return value:  Size  Location     Type
   225 ;;		None               void
   226 ;; Registers used:
   227 ;;		wreg, status,2, status,0, btemp+1, pclath, cstack
   228 ;; Tracked objects:
   229 ;;		On entry : 0/0
   230 ;;		On exit  : 0/0
   231 ;;		Unchanged: 0/0
   232 ;; Data sizes:     COMMON   BANK0   BANK1   BANK3   BANK2
   233 ;;      Params:         0       0       0       0       0
   234 ;;      Locals:         0       0       0       0       0
   235 ;;      Temps:          0       0       0       0       0
   236 ;;      Totals:         0       0       0       0       0
   237 ;;Total ram usage:        0 bytes
   238 ;; Hardware stack levels used:    1
   239 ;; Hardware stack levels required when called:    2
   240 ;; This function calls:
   241 ;;		_delay
   242 ;;		_instCtrl
   243 ;; This function is called by:
   244 ;;		_main
   245 ;; This function uses a non-reentrant model
   246 ;;
   247                           
   248                           
   249                           ;psect for function _initLCD
   250  07B4                     _initLCD:	
   251                           
   252                           ;lcd.c: 38: delay(1);
   253                           
   254                           ;incstack = 0
   255                           ; Regs used in _initLCD: [wreg+status,2+status,0+btemp+1+pclath+cstack]
   256  07B4  3001               	movlw	1
   257  07B5  00F0               	movwf	delay@cnt
   258  07B6  3000               	movlw	0
   259  07B7  00F1               	movwf	delay@cnt+1
   260  07B8  120A  118A  27D4  120A  118A  	fcall	_delay
   261                           
   262                           ;lcd.c: 39: instCtrl(0x38);
   263  07BD  3038               	movlw	56
   264  07BE  120A  118A  278B  120A  118A  	fcall	_instCtrl
   265                           
   266                           ;lcd.c: 40: instCtrl(0x01);
   267  07C3  3001               	movlw	1
   268  07C4  120A  118A  278B  120A  118A  	fcall	_instCtrl
   269                           
   270                           ;lcd.c: 41: instCtrl(0x06);
   271  07C9  3006               	movlw	6
   272  07CA  120A  118A  278B  120A  118A  	fcall	_instCtrl
   273                           
   274                           ;lcd.c: 42: instCtrl(0x0E);
   275  07CF  300E               	movlw	14
   276  07D0  120A  118A  278B   	fcall	_instCtrl
   277  07D3  0008               	return
   278  07D4                     __end_of_initLCD:	
   279                           
   280                           	psect	text2
   281  078B                     __ptext2:	
   282 ;; *************** function _instCtrl *****************
   283 ;; Defined at:
   284 ;;		line 27 in file "D:\From old laptop\Subjects\Uni\3rd Year M\2nd sem\Embedded Systems\Practice\lcd\lcd.c"
   285 ;; Parameters:    Size  Location     Type
   286 ;;  INST            1    wreg     unsigned char 
   287 ;; Auto vars:     Size  Location     Type
   288 ;;  INST            1    6[COMMON] unsigned char 
   289 ;; Return value:  Size  Location     Type
   290 ;;		None               void
   291 ;; Registers used:
   292 ;;		wreg, status,2, status,0, btemp+1, pclath, cstack
   293 ;; Tracked objects:
   294 ;;		On entry : 0/0
   295 ;;		On exit  : 0/0
   296 ;;		Unchanged: 0/0
   297 ;; Data sizes:     COMMON   BANK0   BANK1   BANK3   BANK2
   298 ;;      Params:         0       0       0       0       0
   299 ;;      Locals:         1       0       0       0       0
   300 ;;      Temps:          0       0       0       0       0
   301 ;;      Totals:         1       0       0       0       0
   302 ;;Total ram usage:        1 bytes
   303 ;; Hardware stack levels used:    1
   304 ;; Hardware stack levels required when called:    1
   305 ;; This function calls:
   306 ;;		_delay
   307 ;; This function is called by:
   308 ;;		_initLCD
   309 ;;		_main
   310 ;; This function uses a non-reentrant model
   311 ;;
   312                           
   313                           
   314                           ;psect for function _instCtrl
   315  078B                     _instCtrl:	
   316                           
   317                           ;incstack = 0
   318                           ; Regs used in _instCtrl: [wreg+status,2+status,0+btemp+1+pclath+cstack]
   319                           ;instCtrl@INST stored from wreg
   320  078B  00F6               	movwf	instCtrl@INST
   321                           
   322                           ;lcd.c: 28: PORTB = INST;
   323  078C  0876               	movf	instCtrl@INST,w
   324  078D  1283               	bcf	3,5	;RP0=0, select bank0
   325  078E  1303               	bcf	3,6	;RP1=0, select bank0
   326  078F  0086               	movwf	6	;volatile
   327                           
   328                           ;lcd.c: 29: RC0 = 0;
   329  0790  1007               	bcf	7,0	;volatile
   330                           
   331                           ;lcd.c: 30: RC2 = 0;
   332  0791  1107               	bcf	7,2	;volatile
   333                           
   334                           ;lcd.c: 31: RC1 = 1;
   335  0792  1487               	bsf	7,1	;volatile
   336                           
   337                           ;lcd.c: 32: delay(1);
   338  0793  3001               	movlw	1
   339  0794  00F0               	movwf	delay@cnt
   340  0795  3000               	movlw	0
   341  0796  00F1               	movwf	delay@cnt+1
   342  0797  120A  118A  27D4   	fcall	_delay
   343                           
   344                           ;lcd.c: 33: RC1 = 0;
   345  079A  1283               	bcf	3,5	;RP0=0, select bank0
   346  079B  1303               	bcf	3,6	;RP1=0, select bank0
   347  079C  1087               	bcf	7,1	;volatile
   348  079D  0008               	return
   349  079E                     __end_of_instCtrl:	
   350                           
   351                           	psect	text3
   352  0778                     __ptext3:	
   353 ;; *************** function _dataCtrl *****************
   354 ;; Defined at:
   355 ;;		line 18 in file "D:\From old laptop\Subjects\Uni\3rd Year M\2nd sem\Embedded Systems\Practice\lcd\lcd.c"
   356 ;; Parameters:    Size  Location     Type
   357 ;;  DATA            1    wreg     unsigned char 
   358 ;; Auto vars:     Size  Location     Type
   359 ;;  DATA            1    6[COMMON] unsigned char 
   360 ;; Return value:  Size  Location     Type
   361 ;;		None               void
   362 ;; Registers used:
   363 ;;		wreg, status,2, status,0, btemp+1, pclath, cstack
   364 ;; Tracked objects:
   365 ;;		On entry : 0/0
   366 ;;		On exit  : 0/0
   367 ;;		Unchanged: 0/0
   368 ;; Data sizes:     COMMON   BANK0   BANK1   BANK3   BANK2
   369 ;;      Params:         0       0       0       0       0
   370 ;;      Locals:         1       0       0       0       0
   371 ;;      Temps:          0       0       0       0       0
   372 ;;      Totals:         1       0       0       0       0
   373 ;;Total ram usage:        1 bytes
   374 ;; Hardware stack levels used:    1
   375 ;; Hardware stack levels required when called:    1
   376 ;; This function calls:
   377 ;;		_delay
   378 ;; This function is called by:
   379 ;;		_main
   380 ;; This function uses a non-reentrant model
   381 ;;
   382                           
   383                           
   384                           ;psect for function _dataCtrl
   385  0778                     _dataCtrl:	
   386                           
   387                           ;incstack = 0
   388                           ; Regs used in _dataCtrl: [wreg+status,2+status,0+btemp+1+pclath+cstack]
   389                           ;dataCtrl@DATA stored from wreg
   390  0778  00F6               	movwf	dataCtrl@DATA
   391                           
   392                           ;lcd.c: 19: PORTB = DATA;
   393  0779  0876               	movf	dataCtrl@DATA,w
   394  077A  1283               	bcf	3,5	;RP0=0, select bank0
   395  077B  1303               	bcf	3,6	;RP1=0, select bank0
   396  077C  0086               	movwf	6	;volatile
   397                           
   398                           ;lcd.c: 20: RC0 = 1;
   399  077D  1407               	bsf	7,0	;volatile
   400                           
   401                           ;lcd.c: 21: RC2 = 0;
   402  077E  1107               	bcf	7,2	;volatile
   403                           
   404                           ;lcd.c: 22: RC1 = 1;
   405  077F  1487               	bsf	7,1	;volatile
   406                           
   407                           ;lcd.c: 23: delay(1);
   408  0780  3001               	movlw	1
   409  0781  00F0               	movwf	delay@cnt
   410  0782  3000               	movlw	0
   411  0783  00F1               	movwf	delay@cnt+1
   412  0784  120A  118A  27D4   	fcall	_delay
   413                           
   414                           ;lcd.c: 24: RC1 = 0;
   415  0787  1283               	bcf	3,5	;RP0=0, select bank0
   416  0788  1303               	bcf	3,6	;RP1=0, select bank0
   417  0789  1087               	bcf	7,1	;volatile
   418  078A  0008               	return
   419  078B                     __end_of_dataCtrl:	
   420                           
   421                           	psect	text4
   422  07D4                     __ptext4:	
   423 ;; *************** function _delay *****************
   424 ;; Defined at:
   425 ;;		line 12 in file "D:\From old laptop\Subjects\Uni\3rd Year M\2nd sem\Embedded Systems\Practice\lcd\lcd.c"
   426 ;; Parameters:    Size  Location     Type
   427 ;;  cnt             2    0[COMMON] int 
   428 ;; Auto vars:     Size  Location     Type
   429 ;;  j               2    4[COMMON] int 
   430 ;;  i               2    2[COMMON] int 
   431 ;; Return value:  Size  Location     Type
   432 ;;		None               void
   433 ;; Registers used:
   434 ;;		wreg, status,2, status,0, btemp+1
   435 ;; Tracked objects:
   436 ;;		On entry : 0/0
   437 ;;		On exit  : 0/0
   438 ;;		Unchanged: 0/0
   439 ;; Data sizes:     COMMON   BANK0   BANK1   BANK3   BANK2
   440 ;;      Params:         2       0       0       0       0
   441 ;;      Locals:         4       0       0       0       0
   442 ;;      Temps:          0       0       0       0       0
   443 ;;      Totals:         6       0       0       0       0
   444 ;;Total ram usage:        6 bytes
   445 ;; Hardware stack levels used:    1
   446 ;; This function calls:
   447 ;;		Nothing
   448 ;; This function is called by:
   449 ;;		_dataCtrl
   450 ;;		_instCtrl
   451 ;;		_initLCD
   452 ;; This function uses a non-reentrant model
   453 ;;
   454                           
   455                           
   456                           ;psect for function _delay
   457  07D4                     _delay:	
   458                           
   459                           ;lcd.c: 13: int i, j;
   460                           ;lcd.c: 14: for (i = cnt; i != 0; i--);
   461                           
   462                           ;incstack = 0
   463                           ; Regs used in _delay: [wreg+status,2+status,0+btemp+1]
   464  07D4  0871               	movf	delay@cnt+1,w
   465  07D5  01F3               	clrf	delay@i+1
   466  07D6  07F3               	addwf	delay@i+1,f
   467  07D7  0870               	movf	delay@cnt,w
   468  07D8  01F2               	clrf	delay@i
   469  07D9  07F2               	addwf	delay@i,f
   470  07DA  0873               	movf	delay@i+1,w
   471  07DB  0472               	iorwf	delay@i,w
   472  07DC  1903               	btfsc	3,2
   473  07DD  2FE8               	goto	l501
   474  07DE                     l497:	
   475  07DE  30FF               	movlw	255
   476  07DF  07F2               	addwf	delay@i,f
   477  07E0  1803               	skipnc
   478  07E1  0AF3               	incf	delay@i+1,f
   479  07E2  30FF               	movlw	255
   480  07E3  07F3               	addwf	delay@i+1,f
   481  07E4  0873               	movf	delay@i+1,w
   482  07E5  0472               	iorwf	delay@i,w
   483  07E6  1D03               	skipz
   484  07E7  2FDE               	goto	l497
   485  07E8                     l501:	
   486                           
   487                           ;lcd.c: 15: for (j = 0; j < 5000; j++);
   488  07E8  01F4               	clrf	delay@j
   489  07E9  01F5               	clrf	delay@j+1
   490  07EA                     L1:	
   491  07EA  0875               	movf	delay@j+1,w
   492  07EB  3A80               	xorlw	128
   493  07EC  00FF               	movwf	127
   494  07ED  3093               	movlw	147
   495  07EE  027F               	subwf	127,w
   496  07EF  1D03               	skipz
   497  07F0  2FF3               	goto	u35
   498  07F1  3088               	movlw	136
   499  07F2  0274               	subwf	delay@j,w
   500  07F3                     u35:	
   501  07F3  1803               	btfsc	3,0
   502  07F4  0008               	return
   503  07F5  3001               	movlw	1
   504  07F6  07F4               	addwf	delay@j,f
   505  07F7  1803               	skipnc
   506  07F8  0AF5               	incf	delay@j+1,f
   507  07F9  3000               	movlw	0
   508  07FA  07F5               	addwf	delay@j+1,f
   509  07FB  2FEA               	goto	L1
   510  07FC                     __end_of_delay:	
   511  007E                     btemp	set	126	;btemp
   512  007E                     wtemp	set	126
   513  007E                     wtemp0	set	126
   514  0080                     wtemp1	set	128
   515  0082                     wtemp2	set	130
   516  0084                     wtemp3	set	132
   517  0086                     wtemp4	set	134
   518  0088                     wtemp5	set	136
   519  007F                     wtemp6	set	127
   520  007E                     ttemp	set	126
   521  007E                     ttemp0	set	126
   522  0081                     ttemp1	set	129
   523  0084                     ttemp2	set	132
   524  0087                     ttemp3	set	135
   525  007F                     ttemp4	set	127
   526  007E                     ltemp	set	126
   527  007E                     ltemp0	set	126
   528  0082                     ltemp1	set	130
   529  0086                     ltemp2	set	134
   530  0080                     ltemp3	set	128


Data Sizes:
    Strings     0
    Constant    0
    Data        0
    BSS         0
    Persistent  0
    Stack       0

Auto Spaces:
    Space          Size  Autos    Used
    COMMON           14      7       7
    BANK0            80      0       0
    BANK1            80      0       0
    BANK3            96      0       0
    BANK2            96      0       0

Pointer List with Targets:

    None.

Critical Paths under _main in COMMON

    _main->_dataCtrl
    _main->_instCtrl
    _initLCD->_instCtrl
    _instCtrl->_delay
    _dataCtrl->_delay

Critical Paths under _main in BANK0

    None.

Critical Paths under _main in BANK1

    None.

Critical Paths under _main in BANK3

    None.

Critical Paths under _main in BANK2

    None.

Call Graph Tables:

 ---------------------------------------------------------------------------------
 (Depth) Function   	        Calls       Base Space   Used Autos Params    Refs
 ---------------------------------------------------------------------------------
 (0) _main                                                 0     0      0     861
                           _dataCtrl
                            _initLCD
                           _instCtrl
 ---------------------------------------------------------------------------------
 (1) _initLCD                                              0     0      0     423
                              _delay
                           _instCtrl
 ---------------------------------------------------------------------------------
 (1) _instCtrl                                             1     1      0     219
                                              6 COMMON     1     1      0
                              _delay
 ---------------------------------------------------------------------------------
 (1) _dataCtrl                                             1     1      0     219
                                              6 COMMON     1     1      0
                              _delay
 ---------------------------------------------------------------------------------
 (2) _delay                                                6     4      2     204
                                              0 COMMON     6     4      2
 ---------------------------------------------------------------------------------
 Estimated maximum stack depth 2
 ---------------------------------------------------------------------------------

 Call Graph Graphs:

 _main (ROOT)
   _dataCtrl
     _delay
   _initLCD
     _delay
     _instCtrl
       _delay
   _instCtrl
     _delay

 Address spaces:
Name               Size   Autos  Total    Cost      Usage
BITCOMMON            E      0       0       0        0.0%
EEDATA             100      0       0       0        0.0%
NULL                 0      0       0       0        0.0%
CODE                 0      0       0       0        0.0%
COMMON               E      7       7       1       50.0%
BITSFR0              0      0       0       1        0.0%
SFR0                 0      0       0       1        0.0%
BITSFR1              0      0       0       2        0.0%
SFR1                 0      0       0       2        0.0%
STACK                0      0       0       2        0.0%
ABS                  0      0       0       3        0.0%
BITBANK0            50      0       0       4        0.0%
BITSFR3              0      0       0       4        0.0%
SFR3                 0      0       0       4        0.0%
BANK0               50      0       0       5        0.0%
BITSFR2              0      0       0       5        0.0%
SFR2                 0      0       0       5        0.0%
BITBANK1            50      0       0       6        0.0%
BANK1               50      0       0       7        0.0%
BITBANK3            60      0       0       8        0.0%
BANK3               60      0       0       9        0.0%
BITBANK2            60      0       0      10        0.0%
BANK2               60      0       0      11        0.0%
DATA                 0      0       0      12        0.0%


Microchip Technology PIC Macro Assembler V1.33 build 59893 
Symbol Table                                                                                   Sun Mar 02 18:18:44 2025

            __CFG_CP$OFF 0000                       l31 07B3                       u35 07F3  
                    l501 07E8                      l497 07DE                      _RC0 0038  
                    _RC1 0039                      _RC2 003A             __CFG_CPD$OFF 0000  
           __CFG_FOSC$XT 0000             __CFG_LVP$OFF 0000             __CFG_WRT$OFF 0000  
                   _main 079E                     btemp 007E            __CFG_BOREN$ON 0000  
                   ltemp 007E                     start 0000                     ttemp 007E  
                   wtemp 007E                    ?_main 0070            __CFG_WDTE$OFF 0000  
                  _PORTB 0006                    _TRISB 0086                    _TRISC 0087  
          __CFG_PWRTE$ON 0000          __end_of_initLCD 07D4                    _delay 07D4  
                  ltemp0 007E                    ltemp1 0082                    ltemp2 0086  
                  ltemp3 0080                    ttemp0 007E                    ttemp1 0081  
                  ttemp2 0084                    ttemp3 0087                    ttemp4 007F  
                  status 0003                    wtemp0 007E                    wtemp1 0080  
                  wtemp2 0082                    wtemp3 0084                    wtemp4 0086  
                  wtemp5 0088                    wtemp6 007F          __initialization 07FC  
           __end_of_main 07B4                   ??_main 0077                   ?_delay 0070  
       __end_of_dataCtrl 078B                   delay@i 0072                   delay@j 0074  
       __end_of_instCtrl 079E                ??_initLCD 0077  __end_of__initialization 07FC  
         __pcstackCOMMON 0070            __end_of_delay 07FC                  ??_delay 0072  
             __pmaintext 079E                ?_dataCtrl 0070                ?_instCtrl 0070  
                __ptext0 0000                  __ptext1 07B4                  __ptext2 078B  
                __ptext3 0778                  __ptext4 07D4                  _initLCD 07B4  
             ??_dataCtrl 0076     end_of_initialization 07FC               ??_instCtrl 0076  
           instCtrl@INST 0076      start_initialization 07FC             dataCtrl@DATA 0076  
              ___latbits 0002        __size_of_dataCtrl 0013        __size_of_instCtrl 0013  
               ?_initLCD 0070           __size_of_delay 0028                 _dataCtrl 0778  
       __size_of_initLCD 0020            __size_of_main 0016                 _instCtrl 078B  
               delay@cnt 0070  
