

Microchip Technology PIC LITE Macro Assembler V1.33 build 59893 
                                                                                               Sun May 04 21:07:55 2025

Microchip Technology Omniscient Code Generator (Lite mode) build 59893
     1                           	processor	16F877A
     2                           	opt	pw 120
     3                           	opt	lm
     4                           	psect	text0,local,class=CODE,merge=1,delta=2
     5                           	psect	cinit,global,class=CODE,merge=1,delta=2
     6                           	psect	bitbssCOMMON,global,bit,class=COMMON,space=1,delta=1
     7                           	psect	bssCOMMON,global,class=COMMON,space=1,delta=1
     8                           	psect	cstackCOMMON,global,class=COMMON,space=1,delta=1
     9                           	psect	maintext,global,class=CODE,split=1,delta=2
    10                           	psect	text1,local,class=CODE,merge=1,delta=2
    11                           	psect	intentry,global,class=CODE,delta=2
    12                           	dabs	1,0x7E,2
    13  0000                     	;# 
    14  0001                     	;# 
    15  0002                     	;# 
    16  0003                     	;# 
    17  0004                     	;# 
    18  0005                     	;# 
    19  0006                     	;# 
    20  0007                     	;# 
    21  0008                     	;# 
    22  0009                     	;# 
    23  000A                     	;# 
    24  000B                     	;# 
    25  000C                     	;# 
    26  000D                     	;# 
    27  000E                     	;# 
    28  000E                     	;# 
    29  000F                     	;# 
    30  0010                     	;# 
    31  0011                     	;# 
    32  0012                     	;# 
    33  0013                     	;# 
    34  0014                     	;# 
    35  0015                     	;# 
    36  0015                     	;# 
    37  0016                     	;# 
    38  0017                     	;# 
    39  0018                     	;# 
    40  0019                     	;# 
    41  001A                     	;# 
    42  001B                     	;# 
    43  001B                     	;# 
    44  001C                     	;# 
    45  001D                     	;# 
    46  001E                     	;# 
    47  001F                     	;# 
    48  0081                     	;# 
    49  0085                     	;# 
    50  0086                     	;# 
    51  0087                     	;# 
    52  0088                     	;# 
    53  0089                     	;# 
    54  008C                     	;# 
    55  008D                     	;# 
    56  008E                     	;# 
    57  0091                     	;# 
    58  0092                     	;# 
    59  0093                     	;# 
    60  0094                     	;# 
    61  0098                     	;# 
    62  0099                     	;# 
    63  009C                     	;# 
    64  009D                     	;# 
    65  009E                     	;# 
    66  009F                     	;# 
    67  010C                     	;# 
    68  010D                     	;# 
    69  010E                     	;# 
    70  010F                     	;# 
    71  018C                     	;# 
    72  018D                     	;# 
    73  0005                     _PORTA	set	5
    74  0006                     _PORTB	set	6
    75  0008                     _PORTD	set	8
    76  001A                     _RCREG	set	26
    77  0019                     _TXREG	set	25
    78  00C4                     _CREN	set	196
    79  005F                     _GIE	set	95
    80  005E                     _PEIE	set	94
    81  002C                     _RA4	set	44
    82  0065                     _RCIF	set	101
    83  00C6                     _RX9	set	198
    84  00C7                     _SPEN	set	199
    85  009F                     _ADCON1	set	159
    86  0099                     _SPBRG	set	153
    87  0085                     _TRISA	set	133
    88  0086                     _TRISB	set	134
    89  0088                     _TRISD	set	136
    90  04C2                     _BRGH	set	1218
    91  0465                     _RCIE	set	1125
    92  04C4                     _SYNC	set	1220
    93  04C1                     _TRMT	set	1217
    94  04C6                     _TX9	set	1222
    95  04C5                     _TXEN	set	1221
    96                           
    97                           	psect	text0
    98  0000                     __ptext0:	
    99                           ; #config settings
   100                           
   101                           
   102                           ;psect for function _ISR
   103  0000                     
   104                           	psect	cinit
   105  0015                     start_initialization:	
   106  0015                     __initialization:	
   107                           
   108                           ; Clear objects allocated to BITCOMMON
   109  0015  01F8               	clrf	(__pbitbssCOMMON/(0+8))& (0+127)
   110                           
   111                           ; Clear objects allocated to COMMON
   112  0016  01F6               	clrf	__pbssCOMMON& (0+127)
   113  0017  01F7               	clrf	(__pbssCOMMON+1)& (0+127)
   114  0018                     end_of_initialization:	
   115                           ;End of C runtime variable initialization code
   116                           
   117  0018                     __end_of__initialization:	
   118  0018  0183               	clrf	3
   119  0019  120A  118A  281C   	ljmp	_main	;jump to C main() function
   120                           
   121                           	psect	bitbssCOMMON
   122  03C0                     __pbitbssCOMMON:	
   123  03C0                     _rflag:	
   124  03C0                     	ds	1
   125                           
   126                           	psect	bssCOMMON
   127  0076                     __pbssCOMMON:	
   128  0076                     _rdata:	
   129  0076                     	ds	1
   130  0077                     _temp:	
   131  0077                     	ds	1
   132                           
   133                           	psect	cstackCOMMON
   134  0070                     __pcstackCOMMON:	
   135  0070                     ?_ISR:	
   136  0070                     ??_ISR:	
   137                           ; 0 bytes @ 0x0
   138                           
   139  0070                     ?_main:	
   140                           ; 0 bytes @ 0x0
   141                           
   142                           
   143                           ; 0 bytes @ 0x0
   144  0070                     	ds	5
   145  0075                     ??_main:	
   146                           
   147                           ; 0 bytes @ 0x5
   148  0075                     	ds	1
   149                           
   150                           	psect	maintext
   151  001C                     __pmaintext:	
   152 ;;
   153 ;;Main: autosize = 0, tempsize = 1, incstack = 0, save=0
   154 ;;
   155 ;; *************** function _main *****************
   156 ;; Defined at:
   157 ;;		line 27 in file "D:\From old laptop\Subjects\Uni\3rd Year M\2nd sem\Embedded Systems\Practical Activities\Practical 
      +Activity #6\6-2MCU\6-2MCU.c"
   158 ;; Parameters:    Size  Location     Type
   159 ;;		None
   160 ;; Auto vars:     Size  Location     Type
   161 ;;		None
   162 ;; Return value:  Size  Location     Type
   163 ;;		None               void
   164 ;; Registers used:
   165 ;;		wreg, status,2, status,0
   166 ;; Tracked objects:
   167 ;;		On entry : 17F/0
   168 ;;		On exit  : 0/0
   169 ;;		Unchanged: 0/0
   170 ;; Data sizes:     COMMON   BANK0   BANK1   BANK3   BANK2
   171 ;;      Params:         0       0       0       0       0
   172 ;;      Locals:         0       0       0       0       0
   173 ;;      Temps:          1       0       0       0       0
   174 ;;      Totals:         1       0       0       0       0
   175 ;;Total ram usage:        1 bytes
   176 ;; Hardware stack levels required when called:    1
   177 ;; This function calls:
   178 ;;		Nothing
   179 ;; This function is called by:
   180 ;;		Startup code after reset
   181 ;; This function uses a non-reentrant model
   182 ;;
   183                           
   184                           
   185                           ;psect for function _main
   186  001C                     _main:	
   187                           
   188                           ;6-2MCU.c: 29: SPBRG = 0x19;
   189                           
   190                           ;incstack = 0
   191                           ; Regs used in _main: [wreg+status,2+status,0]
   192  001C  3019               	movlw	25
   193  001D  1683               	bsf	3,5	;RP0=1, select bank1
   194  001E  1303               	bcf	3,6	;RP1=0, select bank1
   195  001F  0099               	movwf	25	;volatile
   196                           
   197                           ;6-2MCU.c: 31: SYNC = 0;
   198  0020  1218               	bcf	24,4	;volatile
   199                           
   200                           ;6-2MCU.c: 32: SPEN = 1;
   201  0021  1283               	bcf	3,5	;RP0=0, select bank0
   202  0022  1303               	bcf	3,6	;RP1=0, select bank0
   203  0023  1798               	bsf	24,7	;volatile
   204                           
   205                           ;6-2MCU.c: 33: TX9 = 0;
   206  0024  1683               	bsf	3,5	;RP0=1, select bank1
   207  0025  1303               	bcf	3,6	;RP1=0, select bank1
   208  0026  1318               	bcf	24,6	;volatile
   209                           
   210                           ;6-2MCU.c: 34: BRGH = 1;
   211  0027  1518               	bsf	24,2	;volatile
   212                           
   213                           ;6-2MCU.c: 35: TXEN = 1;
   214  0028  1698               	bsf	24,5	;volatile
   215                           
   216                           ;6-2MCU.c: 37: TRISA = 0xFF;
   217  0029  30FF               	movlw	255
   218  002A  0085               	movwf	5	;volatile
   219                           
   220                           ;6-2MCU.c: 38: TRISB = 0x00;
   221  002B  0186               	clrf	6	;volatile
   222                           
   223                           ;6-2MCU.c: 39: TRISD = 0x00;
   224  002C  0188               	clrf	8	;volatile
   225                           
   226                           ;6-2MCU.c: 40: ADCON1 = 0x06;
   227  002D  3006               	movlw	6
   228  002E  009F               	movwf	31	;volatile
   229                           
   230                           ;6-2MCU.c: 41: PORTB = 0x00;
   231  002F  1283               	bcf	3,5	;RP0=0, select bank0
   232  0030  1303               	bcf	3,6	;RP1=0, select bank0
   233  0031  0186               	clrf	6	;volatile
   234                           
   235                           ;6-2MCU.c: 45: CREN = 1;
   236  0032  1618               	bsf	24,4	;volatile
   237                           
   238                           ;6-2MCU.c: 46: RX9 = 0;
   239  0033  1318               	bcf	24,6	;volatile
   240                           
   241                           ;6-2MCU.c: 47: RCIE = 1;
   242  0034  1683               	bsf	3,5	;RP0=1, select bank1
   243  0035  1303               	bcf	3,6	;RP1=0, select bank1
   244  0036  168C               	bsf	12,5	;volatile
   245                           
   246                           ;6-2MCU.c: 48: RCIF = 0;
   247  0037  1283               	bcf	3,5	;RP0=0, select bank0
   248  0038  1303               	bcf	3,6	;RP1=0, select bank0
   249  0039  128C               	bcf	12,5	;volatile
   250                           
   251                           ;6-2MCU.c: 49: GIE = 1;
   252  003A  178B               	bsf	11,7	;volatile
   253                           
   254                           ;6-2MCU.c: 50: PEIE = 1;
   255  003B  170B               	bsf	11,6	;volatile
   256  003C                     l565:	
   257                           ;6-2MCU.c: 52: while(1)
   258                           
   259                           
   260                           ;6-2MCU.c: 53: {
   261                           ;6-2MCU.c: 54: if(RA4 == 1){
   262  003C  1E05               	btfss	5,4	;volatile
   263  003D  2859               	goto	l575
   264  003E                     l61:	
   265                           ;6-2MCU.c: 55: while(RA4);
   266                           
   267  003E  1A05               	btfsc	5,4	;volatile
   268  003F  283E               	goto	l61
   269                           
   270                           ;6-2MCU.c: 56: temp = PORTA & 0x0F;
   271  0040  0805               	movf	5,w	;volatile
   272  0041  390F               	andlw	15
   273  0042  00F5               	movwf	??_main
   274  0043  0875               	movf	??_main,w
   275  0044  00F7               	movwf	_temp
   276  0045                     l64:	
   277                           ;6-2MCU.c: 57: while(!TRMT);
   278                           
   279  0045  1683               	bsf	3,5	;RP0=1, select bank1
   280  0046  1303               	bcf	3,6	;RP1=0, select bank1
   281  0047  1C98               	btfss	24,1	;volatile
   282  0048  2845               	goto	l64
   283                           
   284                           ;6-2MCU.c: 58: TXREG = temp;
   285  0049  0877               	movf	_temp,w
   286  004A  1283               	bcf	3,5	;RP0=0, select bank0
   287  004B  1303               	bcf	3,6	;RP1=0, select bank0
   288  004C  0099               	movwf	25	;volatile
   289                           
   290                           ;6-2MCU.c: 60: PORTD = (PORTD & 0x0F) | (temp << 4);
   291  004D  0877               	movf	_temp,w
   292  004E  00F5               	movwf	??_main
   293  004F  3004               	movlw	4
   294  0050                     u55:	
   295  0050  1003               	clrc
   296  0051  0DF5               	rlf	??_main,f
   297  0052  3EFF               	addlw	-1
   298  0053  1D03               	skipz
   299  0054  2850               	goto	u55
   300  0055  0808               	movf	8,w	;volatile
   301  0056  390F               	andlw	15
   302  0057  0475               	iorwf	??_main,w
   303  0058  0088               	movwf	8	;volatile
   304  0059                     l575:	
   305                           
   306                           ;6-2MCU.c: 61: }
   307                           ;6-2MCU.c: 63: if(rflag){
   308  0059  1C78               	btfss	_rflag/(0+8),_rflag& (0+7)
   309  005A  283C               	goto	l565
   310                           
   311                           ;6-2MCU.c: 64: rflag = 0;
   312  005B  1078               	bcf	_rflag/(0+8),_rflag& (0+7)
   313                           
   314                           ;6-2MCU.c: 65: PORTB = rdata;
   315  005C  0876               	movf	_rdata,w
   316  005D  0086               	movwf	6	;volatile
   317  005E  283C               	goto	l565
   318  005F                     __end_of_main:	
   319                           
   320                           	psect	text1
   321  005F                     __ptext1:	
   322 ;; *************** function _ISR *****************
   323 ;; Defined at:
   324 ;;		line 17 in file "D:\From old laptop\Subjects\Uni\3rd Year M\2nd sem\Embedded Systems\Practical Activities\Practical 
      +Activity #6\6-2MCU\6-2MCU.c"
   325 ;; Parameters:    Size  Location     Type
   326 ;;		None
   327 ;; Auto vars:     Size  Location     Type
   328 ;;		None
   329 ;; Return value:  Size  Location     Type
   330 ;;		None               void
   331 ;; Registers used:
   332 ;;		wreg
   333 ;; Tracked objects:
   334 ;;		On entry : 0/0
   335 ;;		On exit  : 0/0
   336 ;;		Unchanged: 0/0
   337 ;; Data sizes:     COMMON   BANK0   BANK1   BANK3   BANK2
   338 ;;      Params:         0       0       0       0       0
   339 ;;      Locals:         0       0       0       0       0
   340 ;;      Temps:          5       0       0       0       0
   341 ;;      Totals:         5       0       0       0       0
   342 ;;Total ram usage:        5 bytes
   343 ;; Hardware stack levels used:    1
   344 ;; This function calls:
   345 ;;		Nothing
   346 ;; This function is called by:
   347 ;;		Interrupt level 1
   348 ;; This function uses a non-reentrant model
   349 ;;
   350                           
   351                           
   352                           ;psect for function _ISR
   353  005F                     _ISR:	
   354                           
   355                           ;6-2MCU.c: 18: GIE = 0;
   356  005F  138B               	bcf	11,7	;volatile
   357                           
   358                           ;6-2MCU.c: 19: if(RCIF){
   359  0060  1E8C               	btfss	12,5	;volatile
   360  0061  2867               	goto	i1l533
   361                           
   362                           ;6-2MCU.c: 20: rdata = RCREG;
   363  0062  081A               	movf	26,w	;volatile
   364  0063  00F0               	movwf	??_ISR
   365  0064  0870               	movf	??_ISR,w
   366  0065  00F6               	movwf	_rdata
   367                           
   368                           ;6-2MCU.c: 21: rflag = 1;
   369  0066  1478               	bsf	_rflag/(0+8),_rflag& (0+7)
   370  0067                     i1l533:	
   371                           
   372                           ;6-2MCU.c: 22: }
   373                           ;6-2MCU.c: 23: GIE = 1;
   374  0067  178B               	bsf	11,7	;volatile
   375  0068  0874               	movf	??_ISR+4,w
   376  0069  00FF               	movwf	127
   377  006A  0873               	movf	??_ISR+3,w
   378  006B  008A               	movwf	10
   379  006C  0872               	movf	??_ISR+2,w
   380  006D  0084               	movwf	4
   381  006E  0E71               	swapf	(??_ISR+1)^(0+-128),w
   382  006F  0083               	movwf	3
   383  0070  0EFE               	swapf	126,f
   384  0071  0E7E               	swapf	126,w
   385  0072  0009               	retfie
   386  0073                     __end_of_ISR:	
   387  007E                     btemp	set	126	;btemp
   388  007E                     wtemp	set	126
   389  007E                     wtemp0	set	126
   390  0080                     wtemp1	set	128
   391  0082                     wtemp2	set	130
   392  0084                     wtemp3	set	132
   393  0086                     wtemp4	set	134
   394  0088                     wtemp5	set	136
   395  007F                     wtemp6	set	127
   396  007E                     ttemp	set	126
   397  007E                     ttemp0	set	126
   398  0081                     ttemp1	set	129
   399  0084                     ttemp2	set	132
   400  0087                     ttemp3	set	135
   401  007F                     ttemp4	set	127
   402  007E                     ltemp	set	126
   403  007E                     ltemp0	set	126
   404  0082                     ltemp1	set	130
   405  0086                     ltemp2	set	134
   406  0080                     ltemp3	set	128
   407                           
   408                           	psect	intentry
   409  0004                     __pintentry:	
   410                           ;incstack = 0
   411                           ; Regs used in _ISR: [wreg]
   412                           
   413  0004                     interrupt_function:	
   414  007E                     saved_w	set	btemp
   415  0004  00FE               	movwf	btemp
   416  0005  0E03               	swapf	3,w
   417  0006  00F1               	movwf	??_ISR+1
   418  0007  0804               	movf	4,w
   419  0008  00F2               	movwf	??_ISR+2
   420  0009  080A               	movf	10,w
   421  000A  00F3               	movwf	??_ISR+3
   422  000B  1283               	bcf	3,5	;RP0=0, select bank0
   423  000C  1303               	bcf	3,6	;RP1=0, select bank0
   424  000D  087F               	movf	btemp+1,w
   425  000E  00F4               	movwf	??_ISR+4
   426  000F  120A  118A  285F   	ljmp	_ISR


Data Sizes:
    Strings     0
    Constant    0
    Data        0
    BSS         2
    Persistent  0
    Stack       0

Auto Spaces:
    Space          Size  Autos    Used
    COMMON           14      6       9
    BANK0            80      0       0
    BANK1            80      0       0
    BANK3            96      0       0
    BANK2            96      0       0

Pointer List with Targets:

    None.

Critical Paths under _main in COMMON

    None.

Critical Paths under _ISR in COMMON

    None.

Critical Paths under _main in BANK0

    None.

Critical Paths under _ISR in BANK0

    None.

Critical Paths under _main in BANK1

    None.

Critical Paths under _ISR in BANK1

    None.

Critical Paths under _main in BANK3

    None.

Critical Paths under _ISR in BANK3

    None.

Critical Paths under _main in BANK2

    None.

Critical Paths under _ISR in BANK2

    None.

Call Graph Tables:

 ---------------------------------------------------------------------------------
 (Depth) Function   	        Calls       Base Space   Used Autos Params    Refs
 ---------------------------------------------------------------------------------
 (0) _main                                                 1     1      0       0
                                              5 COMMON     1     1      0
 ---------------------------------------------------------------------------------
 Estimated maximum stack depth 0
 ---------------------------------------------------------------------------------
 (Depth) Function   	        Calls       Base Space   Used Autos Params    Refs
 ---------------------------------------------------------------------------------
 (1) _ISR                                                  5     5      0       0
                                              0 COMMON     5     5      0
 ---------------------------------------------------------------------------------
 Estimated maximum stack depth 1
 ---------------------------------------------------------------------------------

 Call Graph Graphs:

 _main (ROOT)

 _ISR (ROOT)

 Address spaces:
Name               Size   Autos  Total    Cost      Usage
BITCOMMON            E      0       1       0        7.1%
EEDATA             100      0       0       0        0.0%
NULL                 0      0       0       0        0.0%
CODE                 0      0       0       0        0.0%
COMMON               E      6       9       1       64.3%
BITSFR0              0      0       0       1        0.0%
SFR0                 0      0       0       1        0.0%
BITSFR1              0      0       0       2        0.0%
SFR1                 0      0       0       2        0.0%
STACK                0      0       0       2        0.0%
ABS                  0      0       9       3        0.0%
BITBANK0            50      0       0       4        0.0%
BITSFR3              0      0       0       4        0.0%
SFR3                 0      0       0       4        0.0%
BANK0               50      0       0       5        0.0%
BITSFR2              0      0       0       5        0.0%
SFR2                 0      0       0       5        0.0%
BITBANK1            50      0       0       6        0.0%
BANK1               50      0       0       7        0.0%
BITBANK3            60      0       0       8        0.0%
BANK3               60      0       0       9        0.0%
BITBANK2            60      0       0      10        0.0%
BANK2               60      0       0      11        0.0%
DATA                 0      0       9      12        0.0%


Microchip Technology PIC Macro Assembler V1.33 build 59893 
Symbol Table                                                                                   Sun May 04 21:07:55 2025

            __CFG_CP$OFF 0000                       l61 003E                       l64 0045  
                     u55 0050                      l565 003C                      l575 0059  
                    _GIE 005F                      _RA4 002C             __CFG_CPD$OFF 0000  
                    _ISR 005F                      _RX9 00C6                      _TX9 04C6  
                    fsr0 0004             __CFG_FOSC$XT 0000             __CFG_LVP$OFF 0000  
                   ?_ISR 0070                     _BRGH 04C2                     _CREN 00C4  
                   _PEIE 005E                     _RCIE 0465                     _RCIF 0065  
                   _SPEN 00C7                     _TRMT 04C1                     _TXEN 04C5  
                   _SYNC 04C4             __CFG_WRT$OFF 0000                     _main 001C  
                   _temp 0077                     btemp 007E            __CFG_BOREN$ON 0000  
                   ltemp 007E                     start 0012                     ttemp 007E  
                   wtemp 007E                    ??_ISR 0070                    ?_main 0070  
          __CFG_WDTE$OFF 0000                    i1l533 0067                    _RCREG 001A  
                  _SPBRG 0099                    _PORTA 0005                    _PORTB 0006  
                  _PORTD 0008                    _TRISA 0085                    _TRISB 0086  
                  _TRISD 0088                    _TXREG 0019            __CFG_PWRTE$ON 0000  
                  _rdata 0076                    _rflag 03C0           __pbitbssCOMMON 03C0  
                  pclath 000A                    ltemp0 007E                    ltemp1 0082  
                  ltemp2 0086                    ltemp3 0080                    ttemp0 007E  
                  ttemp1 0081                    ttemp2 0084                    ttemp3 0087  
                  ttemp4 007F                    status 0003                    wtemp0 007E  
                  wtemp1 0080                    wtemp2 0082                    wtemp3 0084  
                  wtemp4 0086                    wtemp5 0088                    wtemp6 007F  
        __initialization 0015             __end_of_main 005F                   ??_main 0075  
                 _ADCON1 009F                   saved_w 007E  __end_of__initialization 0018  
         __pcstackCOMMON 0070               __pmaintext 001C               __pintentry 0004  
                __ptext0 0000                  __ptext1 005F             __size_of_ISR 0014  
   end_of_initialization 0018      start_initialization 0015              __end_of_ISR 0073  
            __pbssCOMMON 0076                ___latbits 0002        interrupt_function 0004  
          __size_of_main 0043                 intlevel1 0000  
