

Microchip Technology PIC LITE Macro Assembler V1.33 build 59893 
                                                                                               Fri Apr 11 20:15:49 2025

Microchip Technology Omniscient Code Generator (Lite mode) build 59893
     1                           	processor	16F877A
     2                           	opt	pw 120
     3                           	opt	lm
     4                           	psect	idataBANK0,global,class=CODE,delta=2
     5                           	psect	cinit,global,class=CODE,merge=1,delta=2
     6                           	psect	dataBANK0,global,class=BANK0,space=1,delta=1
     7                           	psect	inittext,global,class=CODE,delta=2
     8                           	psect	cstackCOMMON,global,class=COMMON,space=1,delta=1
     9                           	psect	cstackBANK0,global,class=BANK0,space=1,delta=1
    10                           	psect	maintext,global,class=CODE,split=1,delta=2
    11                           	psect	text1,local,class=CODE,merge=1,delta=2
    12                           	dabs	1,0x7E,2
    13  0000                     	;# 
    14  0001                     	;# 
    15  0002                     	;# 
    16  0003                     	;# 
    17  0004                     	;# 
    18  0005                     	;# 
    19  0006                     	;# 
    20  0007                     	;# 
    21  0008                     	;# 
    22  0009                     	;# 
    23  000A                     	;# 
    24  000B                     	;# 
    25  000C                     	;# 
    26  000D                     	;# 
    27  000E                     	;# 
    28  000E                     	;# 
    29  000F                     	;# 
    30  0010                     	;# 
    31  0011                     	;# 
    32  0012                     	;# 
    33  0013                     	;# 
    34  0014                     	;# 
    35  0015                     	;# 
    36  0015                     	;# 
    37  0016                     	;# 
    38  0017                     	;# 
    39  0018                     	;# 
    40  0019                     	;# 
    41  001A                     	;# 
    42  001B                     	;# 
    43  001B                     	;# 
    44  001C                     	;# 
    45  001D                     	;# 
    46  001E                     	;# 
    47  001F                     	;# 
    48  0081                     	;# 
    49  0085                     	;# 
    50  0086                     	;# 
    51  0087                     	;# 
    52  0088                     	;# 
    53  0089                     	;# 
    54  008C                     	;# 
    55  008D                     	;# 
    56  008E                     	;# 
    57  0091                     	;# 
    58  0092                     	;# 
    59  0093                     	;# 
    60  0094                     	;# 
    61  0098                     	;# 
    62  0099                     	;# 
    63  009C                     	;# 
    64  009D                     	;# 
    65  009E                     	;# 
    66  009F                     	;# 
    67  010C                     	;# 
    68  010D                     	;# 
    69  010E                     	;# 
    70  010F                     	;# 
    71  018C                     	;# 
    72  018D                     	;# 
    73                           
    74                           	psect	idataBANK0
    75  0702                     __pidataBANK0:	
    76                           
    77                           ;initializer for main@F1158
    78  0702  3459               	retlw	89
    79  0703  3400               	retlw	0
    80  0704  346F               	retlw	111
    81  0705  3400               	retlw	0
    82  0706  3475               	retlw	117
    83  0707  3400               	retlw	0
    84  0708  3420               	retlw	32
    85  0709  3400               	retlw	0
    86  070A  3450               	retlw	80
    87  070B  3400               	retlw	0
    88  070C  3472               	retlw	114
    89  070D  3400               	retlw	0
    90  070E  3465               	retlw	101
    91  070F  3400               	retlw	0
    92  0710  3473               	retlw	115
    93  0711  3400               	retlw	0
    94  0712  3473               	retlw	115
    95  0713  3400               	retlw	0
    96  0714  3465               	retlw	101
    97  0715  3400               	retlw	0
    98  0716  3464               	retlw	100
    99  0717  3400               	retlw	0
   100  0718  3420               	retlw	32
   101  0719  3400               	retlw	0
   102  071A  3420               	retlw	32
   103  071B  3400               	retlw	0
   104  071C  342E               	retlw	46
   105  071D  3400               	retlw	0
   106  071E  340D               	retlw	13
   107  071F  3400               	retlw	0
   108  0720  340A               	retlw	10
   109  0721  3400               	retlw	0
   110  0006                     _PORTB	set	6
   111  0019                     _TXREG	set	25
   112  0034                     _RB4	set	52
   113  00C7                     _SPEN	set	199
   114  0099                     _SPBRG	set	153
   115  0086                     _TRISB	set	134
   116  04C2                     _BRGH	set	1218
   117  04C4                     _SYNC	set	1220
   118  04C1                     _TRMT	set	1217
   119  04C6                     _TX9	set	1222
   120  04C5                     _TXEN	set	1221
   121                           
   122                           	psect	cinit
   123  07F0                     start_initialization:	
   124                           ; #config settings
   125                           
   126  07F0                     __initialization:	
   127                           
   128                           ; Initialize objects allocated to BANK0
   129  07F0  1383               	bcf	3,7	;select IRP bank0
   130  07F1  3062               	movlw	low (__pdataBANK0+32)
   131  07F2  00FD               	movwf	btemp+-1
   132  07F3  3007               	movlw	high __pidataBANK0
   133  07F4  00FE               	movwf	btemp
   134  07F5  3002               	movlw	low __pidataBANK0
   135  07F6  00FF               	movwf	btemp+1
   136  07F7  3042               	movlw	low __pdataBANK0
   137  07F8  0084               	movwf	4
   138  07F9  120A  118A  26F5   	fcall	init_ram0
   139  07FC                     end_of_initialization:	
   140                           ;End of C runtime variable initialization code
   141                           
   142  07FC                     __end_of__initialization:	
   143  07FC  0183               	clrf	3
   144  07FD  120A  118A  2F88   	ljmp	_main	;jump to C main() function
   145                           
   146                           	psect	dataBANK0
   147  0042                     __pdataBANK0:	
   148  0042                     main@F1158:	
   149  0042                     	ds	32
   150                           
   151                           	psect	inittext
   152  06F1                     init_fetch0:	
   153                           ;	Called with low address in FSR and high address in W
   154                           
   155  06F1  087E               	movf	126,w
   156  06F2  008A               	movwf	10
   157  06F3  087F               	movf	127,w
   158  06F4  0082               	movwf	2
   159  06F5                     init_ram0:	
   160                           ;Called with:
   161                           ;	high address of idata address in btemp 
   162                           ;	low address of idata address in btemp+1 
   163                           ;	low address of data in FSR
   164                           ;	high address + 1 of data in btemp-1
   165                           
   166  06F5  26F1  120A  118A   	fcall	init_fetch0
   167  06F8  0080               	movwf	0
   168  06F9  0A84               	incf	4,f
   169  06FA  0804               	movf	4,w
   170  06FB  067D               	xorwf	125,w
   171  06FC  1903               	btfsc	3,2
   172  06FD  3400               	retlw	0
   173  06FE  0AFF               	incf	127,f
   174  06FF  1903               	btfsc	3,2
   175  0700  0AFE               	incf	126,f
   176  0701  2EF5               	goto	init_ram0
   177                           
   178                           	psect	cstackCOMMON
   179  0070                     __pcstackCOMMON:	
   180  0070                     ?_main:	
   181  0070                     ?_checkInput:	
   182                           ; 0 bytes @ 0x0
   183                           
   184                           
   185                           ; 2 bytes @ 0x0
   186  0070                     	ds	2
   187  0072                     ??_checkInput:	
   188                           
   189                           ; 0 bytes @ 0x2
   190  0072                     	ds	2
   191  0074                     checkInput@output:	
   192                           
   193                           ; 2 bytes @ 0x4
   194  0074                     	ds	2
   195  0076                     checkInput@input:	
   196                           
   197                           ; 2 bytes @ 0x6
   198  0076                     	ds	2
   199  0078                     ??_main:	
   200                           
   201                           ; 0 bytes @ 0x8
   202  0078                     	ds	4
   203                           
   204                           	psect	cstackBANK0
   205  0020                     __pcstackBANK0:	
   206  0020                     main@string:	
   207                           
   208                           ; 32 bytes @ 0x0
   209  0020                     	ds	32
   210  0040                     main@i:	
   211                           
   212                           ; 2 bytes @ 0x20
   213  0040                     	ds	2
   214                           
   215                           	psect	maintext
   216  0788                     __pmaintext:	
   217 ;;
   218 ;;Main: autosize = 0, tempsize = 4, incstack = 0, save=0
   219 ;;
   220 ;; *************** function _main *****************
   221 ;; Defined at:
   222 ;;		line 7 in file "D:\From old laptop\Subjects\Uni\3rd Year M\2nd sem\Embedded Systems\Practical Activities\Practical A
      +ctivity #6\LE6-3\LE6-3.c"
   223 ;; Parameters:    Size  Location     Type
   224 ;;		None
   225 ;; Auto vars:     Size  Location     Type
   226 ;;  string         32    0[BANK0 ] unsigned int [16]
   227 ;;  i               2   32[BANK0 ] int 
   228 ;; Return value:  Size  Location     Type
   229 ;;		None               void
   230 ;; Registers used:
   231 ;;		wreg, fsr0l, fsr0h, status,2, status,0, btemp+1, pclath, cstack
   232 ;; Tracked objects:
   233 ;;		On entry : 17F/0
   234 ;;		On exit  : 0/0
   235 ;;		Unchanged: 0/0
   236 ;; Data sizes:     COMMON   BANK0   BANK1   BANK3   BANK2
   237 ;;      Params:         0       0       0       0       0
   238 ;;      Locals:         0      34       0       0       0
   239 ;;      Temps:          4       0       0       0       0
   240 ;;      Totals:         4      34       0       0       0
   241 ;;Total ram usage:       38 bytes
   242 ;; Hardware stack levels required when called:    1
   243 ;; This function calls:
   244 ;;		_checkInput
   245 ;; This function is called by:
   246 ;;		Startup code after reset
   247 ;; This function uses a non-reentrant model
   248 ;;
   249                           
   250                           
   251                           ;psect for function _main
   252  0788                     _main:	
   253                           
   254                           ;LE6-3.c: 9: SPBRG = 0x19;
   255                           
   256                           ;incstack = 0
   257                           ; Regs used in _main: [wreg-fsr0h+status,2+status,0+btemp+1+pclath+cstack]
   258  0788  3019               	movlw	25
   259  0789  1683               	bsf	3,5	;RP0=1, select bank1
   260  078A  1303               	bcf	3,6	;RP1=0, select bank1
   261  078B  0099               	movwf	25	;volatile
   262                           
   263                           ;LE6-3.c: 11: SYNC = 0;
   264  078C  1218               	bcf	24,4	;volatile
   265                           
   266                           ;LE6-3.c: 12: SPEN = 1;
   267  078D  1283               	bcf	3,5	;RP0=0, select bank0
   268  078E  1303               	bcf	3,6	;RP1=0, select bank0
   269  078F  1798               	bsf	24,7	;volatile
   270                           
   271                           ;LE6-3.c: 13: TX9 = 0;
   272  0790  1683               	bsf	3,5	;RP0=1, select bank1
   273  0791  1303               	bcf	3,6	;RP1=0, select bank1
   274  0792  1318               	bcf	24,6	;volatile
   275                           
   276                           ;LE6-3.c: 14: BRGH = 1;
   277  0793  1518               	bsf	24,2	;volatile
   278                           
   279                           ;LE6-3.c: 15: TXEN = 1;
   280  0794  1698               	bsf	24,5	;volatile
   281                           
   282                           ;LE6-3.c: 17: TRISB = 0xFF;
   283  0795  30FF               	movlw	255
   284  0796  0086               	movwf	6	;volatile
   285                           
   286                           ;LE6-3.c: 19: int i = 0;
   287  0797  1283               	bcf	3,5	;RP0=0, select bank0
   288  0798  1303               	bcf	3,6	;RP1=0, select bank0
   289  0799  01C0               	clrf	main@i
   290  079A  01C1               	clrf	main@i+1
   291                           
   292                           ;LE6-3.c: 20: unsigned int string[16] = {'Y','o','u',' ','P','r','e','s','s','e','d',' '
      +                          ,' ','.','\r','\n'};
   293  079B  3020               	movlw	main@string& (0+255)
   294  079C  0084               	movwf	4
   295  079D  3042               	movlw	low main@F1158
   296  079E  00F8               	movwf	??_main
   297  079F  0804               	movf	4,w
   298  07A0  00F9               	movwf	??_main+1
   299  07A1  3020               	movlw	32
   300  07A2  00FA               	movwf	??_main+2
   301  07A3                     u310:	
   302  07A3  0878               	movf	??_main,w
   303  07A4  0084               	movwf	4
   304  07A5  1383               	bcf	3,7	;select IRP bank0
   305  07A6  0800               	movf	0,w
   306  07A7  00FB               	movwf	??_main+3
   307  07A8  0AF8               	incf	??_main,f
   308  07A9  0879               	movf	??_main+1,w
   309  07AA  0084               	movwf	4
   310  07AB  087B               	movf	??_main+3,w
   311  07AC  0080               	movwf	0
   312  07AD  0AF9               	incf	??_main+1,f
   313  07AE  0BFA               	decfsz	??_main+2,f
   314  07AF  2FA3               	goto	u310
   315  07B0                     l680:	
   316                           ;LE6-3.c: 22: while(1)
   317                           
   318                           
   319                           ;LE6-3.c: 23: {
   320                           ;LE6-3.c: 24: if(RB4 == 1) {
   321  07B0  1E06               	btfss	6,4	;volatile
   322  07B1  2FB0               	goto	l680
   323                           
   324                           ;LE6-3.c: 25: string[12] = checkInput();
   325  07B2  120A  118A  2722  120A  118A  	fcall	_checkInput
   326  07B7  0871               	movf	?_checkInput+1,w
   327  07B8  1283               	bcf	3,5	;RP0=0, select bank0
   328  07B9  1303               	bcf	3,6	;RP1=0, select bank0
   329  07BA  01B9               	clrf	main@string+25
   330  07BB  07B9               	addwf	main@string+25,f
   331  07BC  0870               	movf	?_checkInput,w
   332  07BD  01B8               	clrf	main@string+24
   333  07BE  07B8               	addwf	main@string+24,f
   334                           
   335                           ;LE6-3.c: 26: for(i = 0; i < 16; i++) {
   336  07BF  01C0               	clrf	main@i
   337  07C0  01C1               	clrf	main@i+1
   338  07C1  0841               	movf	main@i+1,w
   339  07C2  3A80               	xorlw	128
   340  07C3  00FF               	movwf	127
   341  07C4  3080               	movlw	128
   342  07C5  027F               	subwf	127,w
   343  07C6  1D03               	skipz
   344  07C7  2FCA               	goto	u335
   345  07C8  3010               	movlw	16
   346  07C9  0240               	subwf	main@i,w
   347  07CA                     u335:	
   348  07CA  1803               	btfsc	3,0
   349  07CB  2FEB               	goto	l36
   350  07CC                     l33:	
   351                           ;LE6-3.c: 27: while(!TRMT);
   352                           
   353  07CC  1683               	bsf	3,5	;RP0=1, select bank1
   354  07CD  1303               	bcf	3,6	;RP1=0, select bank1
   355  07CE  1C98               	btfss	24,1	;volatile
   356  07CF  2FCC               	goto	l33
   357                           
   358                           ;LE6-3.c: 28: TXREG = string[i];
   359  07D0  1283               	bcf	3,5	;RP0=0, select bank0
   360  07D1  1303               	bcf	3,6	;RP1=0, select bank0
   361  07D2  0840               	movf	main@i,w
   362  07D3  00F8               	movwf	??_main
   363  07D4  0778               	addwf	??_main,w
   364  07D5  3E20               	addlw	main@string& (0+255)
   365  07D6  0084               	movwf	4
   366  07D7  1383               	bcf	3,7	;select IRP bank0
   367  07D8  0800               	movf	0,w
   368  07D9  0099               	movwf	25	;volatile
   369  07DA  3001               	movlw	1
   370  07DB  07C0               	addwf	main@i,f
   371  07DC  1803               	skipnc
   372  07DD  0AC1               	incf	main@i+1,f
   373  07DE  3000               	movlw	0
   374  07DF  07C1               	addwf	main@i+1,f
   375  07E0  0841               	movf	main@i+1,w
   376  07E1  3A80               	xorlw	128
   377  07E2  00FF               	movwf	127
   378  07E3  3080               	movlw	128
   379  07E4  027F               	subwf	127,w
   380  07E5  1D03               	skipz
   381  07E6  2FE9               	goto	u355
   382  07E7  3010               	movlw	16
   383  07E8  0240               	subwf	main@i,w
   384  07E9                     u355:	
   385  07E9  1C03               	skipc
   386  07EA  2FCC               	goto	l33
   387  07EB                     l36:	
   388                           ;LE6-3.c: 29: }
   389                           ;LE6-3.c: 30: while(RB4 == 1);
   390                           
   391  07EB  1283               	bcf	3,5	;RP0=0, select bank0
   392  07EC  1303               	bcf	3,6	;RP1=0, select bank0
   393  07ED  1E06               	btfss	6,4	;volatile
   394  07EE  2FB0               	goto	l680
   395  07EF  2FEB               	goto	l36
   396  07F0                     __end_of_main:	
   397                           
   398                           	psect	text1
   399  0722                     __ptext1:	
   400 ;; *************** function _checkInput *****************
   401 ;; Defined at:
   402 ;;		line 36 in file "D:\From old laptop\Subjects\Uni\3rd Year M\2nd sem\Embedded Systems\Practical Activities\Practical 
      +Activity #6\LE6-3\LE6-3.c"
   403 ;; Parameters:    Size  Location     Type
   404 ;;		None
   405 ;; Auto vars:     Size  Location     Type
   406 ;;  input           2    6[COMMON] int 
   407 ;;  output          2    4[COMMON] int 
   408 ;; Return value:  Size  Location     Type
   409 ;;                  2    0[COMMON] int 
   410 ;; Registers used:
   411 ;;		wreg, status,2, status,0
   412 ;; Tracked objects:
   413 ;;		On entry : 0/0
   414 ;;		On exit  : 0/0
   415 ;;		Unchanged: 0/0
   416 ;; Data sizes:     COMMON   BANK0   BANK1   BANK3   BANK2
   417 ;;      Params:         2       0       0       0       0
   418 ;;      Locals:         4       0       0       0       0
   419 ;;      Temps:          2       0       0       0       0
   420 ;;      Totals:         8       0       0       0       0
   421 ;;Total ram usage:        8 bytes
   422 ;; Hardware stack levels used:    1
   423 ;; This function calls:
   424 ;;		Nothing
   425 ;; This function is called by:
   426 ;;		_main
   427 ;; This function uses a non-reentrant model
   428 ;;
   429                           
   430                           
   431                           ;psect for function _checkInput
   432  0722                     _checkInput:	
   433                           
   434                           ;LE6-3.c: 37: int input, output;
   435                           ;LE6-3.c: 38: input = PORTB & 0x0F;
   436                           
   437                           ;incstack = 0
   438                           ; Regs used in _checkInput: [wreg+status,2+status,0]
   439  0722  1283               	bcf	3,5	;RP0=0, select bank0
   440  0723  1303               	bcf	3,6	;RP1=0, select bank0
   441  0724  0806               	movf	6,w	;volatile
   442  0725  390F               	andlw	15
   443  0726  00F2               	movwf	??_checkInput
   444  0727  01F3               	clrf	??_checkInput+1
   445  0728  0872               	movf	??_checkInput,w
   446  0729  00F6               	movwf	checkInput@input
   447  072A  0873               	movf	??_checkInput+1,w
   448  072B  00F7               	movwf	checkInput@input+1
   449                           
   450                           ;LE6-3.c: 40: if (input == 0x00) output = '1';
   451  072C  0877               	movf	checkInput@input+1,w
   452  072D  0476               	iorwf	checkInput@input,w
   453  072E  1D03               	skipz
   454  072F  2F32               	goto	l616
   455  0730  3031               	movlw	49
   456  0731  2F7E               	goto	L11
   457  0732                     l616:	
   458                           
   459                           ;LE6-3.c: 41: else if (input == 0x01) output = '2';
   460  0732  3001               	movlw	1
   461  0733  0676               	xorwf	checkInput@input,w
   462  0734  0477               	iorwf	checkInput@input+1,w
   463  0735  1D03               	skipz
   464  0736  2F39               	goto	l620
   465  0737  3032               	movlw	50
   466  0738  2F7E               	goto	L11
   467  0739                     l620:	
   468                           
   469                           ;LE6-3.c: 42: else if (input == 0x02) output = '3';
   470  0739  3002               	movlw	2
   471  073A  0676               	xorwf	checkInput@input,w
   472  073B  0477               	iorwf	checkInput@input+1,w
   473  073C  1D03               	skipz
   474  073D  2F40               	goto	l624
   475  073E  3033               	movlw	51
   476  073F  2F7E               	goto	L11
   477  0740                     l624:	
   478                           
   479                           ;LE6-3.c: 43: else if (input == 0x04) output = '4';
   480  0740  3004               	movlw	4
   481  0741  0676               	xorwf	checkInput@input,w
   482  0742  0477               	iorwf	checkInput@input+1,w
   483  0743  1D03               	skipz
   484  0744  2F47               	goto	l628
   485  0745  3034               	movlw	52
   486  0746  2F7E               	goto	L11
   487  0747                     l628:	
   488                           
   489                           ;LE6-3.c: 44: else if (input == 0x05) output = '5';
   490  0747  3005               	movlw	5
   491  0748  0676               	xorwf	checkInput@input,w
   492  0749  0477               	iorwf	checkInput@input+1,w
   493  074A  1D03               	skipz
   494  074B  2F4E               	goto	l632
   495  074C  3035               	movlw	53
   496  074D  2F7E               	goto	L11
   497  074E                     l632:	
   498                           
   499                           ;LE6-3.c: 45: else if (input == 0x06) output = '6';
   500  074E  3006               	movlw	6
   501  074F  0676               	xorwf	checkInput@input,w
   502  0750  0477               	iorwf	checkInput@input+1,w
   503  0751  1D03               	skipz
   504  0752  2F55               	goto	l636
   505  0753  3036               	movlw	54
   506  0754  2F7E               	goto	L11
   507  0755                     l636:	
   508                           
   509                           ;LE6-3.c: 46: else if (input == 0x08) output = '7';
   510  0755  3008               	movlw	8
   511  0756  0676               	xorwf	checkInput@input,w
   512  0757  0477               	iorwf	checkInput@input+1,w
   513  0758  1D03               	skipz
   514  0759  2F5C               	goto	l640
   515  075A  3037               	movlw	55
   516  075B  2F7E               	goto	L11
   517  075C                     l640:	
   518                           
   519                           ;LE6-3.c: 47: else if (input == 0x09) output = '8';
   520  075C  3009               	movlw	9
   521  075D  0676               	xorwf	checkInput@input,w
   522  075E  0477               	iorwf	checkInput@input+1,w
   523  075F  1D03               	skipz
   524  0760  2F63               	goto	l644
   525  0761  3038               	movlw	56
   526  0762  2F7E               	goto	L11
   527  0763                     l644:	
   528                           
   529                           ;LE6-3.c: 48: else if (input == 0x0A) output = '9';
   530  0763  300A               	movlw	10
   531  0764  0676               	xorwf	checkInput@input,w
   532  0765  0477               	iorwf	checkInput@input+1,w
   533  0766  1D03               	skipz
   534  0767  2F6A               	goto	l648
   535  0768  3039               	movlw	57
   536  0769  2F7E               	goto	L11
   537  076A                     l648:	
   538                           
   539                           ;LE6-3.c: 49: else if (input == 0x0C) output = '*';
   540  076A  300C               	movlw	12
   541  076B  0676               	xorwf	checkInput@input,w
   542  076C  0477               	iorwf	checkInput@input+1,w
   543  076D  1D03               	skipz
   544  076E  2F71               	goto	l652
   545  076F  302A               	movlw	42
   546  0770  2F7E               	goto	L11
   547  0771                     l652:	
   548                           
   549                           ;LE6-3.c: 50: else if (input == 0x0D) output = '0';
   550  0771  300D               	movlw	13
   551  0772  0676               	xorwf	checkInput@input,w
   552  0773  0477               	iorwf	checkInput@input+1,w
   553  0774  1D03               	skipz
   554  0775  2F78               	goto	l656
   555  0776  3030               	movlw	48
   556  0777  2F7E               	goto	L11
   557  0778                     l656:	
   558                           
   559                           ;LE6-3.c: 51: else if (input == 0x0E) output = '#';
   560  0778  300E               	movlw	14
   561  0779  0676               	xorwf	checkInput@input,w
   562  077A  0477               	iorwf	checkInput@input+1,w
   563  077B  1D03               	skipz
   564  077C  2F81               	goto	l660
   565  077D  3023               	movlw	35
   566  077E                     L11:	
   567  077E  00F4               	movwf	checkInput@output
   568  077F  3000               	movlw	0
   569  0780  00F5               	movwf	checkInput@output+1
   570  0781                     l660:	
   571                           
   572                           ;LE6-3.c: 53: return output;
   573  0781  0875               	movf	checkInput@output+1,w
   574  0782  01F1               	clrf	?_checkInput+1
   575  0783  07F1               	addwf	?_checkInput+1,f
   576  0784  0874               	movf	checkInput@output,w
   577  0785  01F0               	clrf	?_checkInput
   578  0786  07F0               	addwf	?_checkInput,f
   579  0787  0008               	return
   580  0788                     __end_of_checkInput:	
   581  007E                     btemp	set	126	;btemp
   582  007E                     wtemp	set	126
   583  007E                     wtemp0	set	126
   584  0080                     wtemp1	set	128
   585  0082                     wtemp2	set	130
   586  0084                     wtemp3	set	132
   587  0086                     wtemp4	set	134
   588  0088                     wtemp5	set	136
   589  007F                     wtemp6	set	127
   590  007E                     ttemp	set	126
   591  007E                     ttemp0	set	126
   592  0081                     ttemp1	set	129
   593  0084                     ttemp2	set	132
   594  0087                     ttemp3	set	135
   595  007F                     ttemp4	set	127
   596  007E                     ltemp	set	126
   597  007E                     ltemp0	set	126
   598  0082                     ltemp1	set	130
   599  0086                     ltemp2	set	134
   600  0080                     ltemp3	set	128


Data Sizes:
    Strings     0
    Constant    0
    Data        32
    BSS         0
    Persistent  0
    Stack       0

Auto Spaces:
    Space          Size  Autos    Used
    COMMON           14     12      12
    BANK0            80     34      66
    BANK1            80      0       0
    BANK3            96      0       0
    BANK2            96      0       0

Pointer List with Targets:

    None.

Critical Paths under _main in COMMON

    _main->_checkInput

Critical Paths under _main in BANK0

    None.

Critical Paths under _main in BANK1

    None.

Critical Paths under _main in BANK3

    None.

Critical Paths under _main in BANK2

    None.

Call Graph Tables:

 ---------------------------------------------------------------------------------
 (Depth) Function   	        Calls       Base Space   Used Autos Params    Refs
 ---------------------------------------------------------------------------------
 (0) _main                                                38    38      0     416
                                              8 COMMON     4     4      0
                                              0 BANK0     34    34      0
                         _checkInput
 ---------------------------------------------------------------------------------
 (1) _checkInput                                           8     6      2     299
                                              0 COMMON     8     6      2
 ---------------------------------------------------------------------------------
 Estimated maximum stack depth 1
 ---------------------------------------------------------------------------------

 Call Graph Graphs:

 _main (ROOT)
   _checkInput

 Address spaces:
Name               Size   Autos  Total    Cost      Usage
BANK3               60      0       0       9        0.0%
BITBANK3            60      0       0       8        0.0%
SFR3                 0      0       0       4        0.0%
BITSFR3              0      0       0       4        0.0%
BANK2               60      0       0      11        0.0%
BITBANK2            60      0       0      10        0.0%
SFR2                 0      0       0       5        0.0%
BITSFR2              0      0       0       5        0.0%
BANK1               50      0       0       7        0.0%
BITBANK1            50      0       0       6        0.0%
SFR1                 0      0       0       2        0.0%
BITSFR1              0      0       0       2        0.0%
BANK0               50     22      42       5       82.5%
BITBANK0            50      0       0       4        0.0%
SFR0                 0      0       0       1        0.0%
BITSFR0              0      0       0       1        0.0%
COMMON               E      C       C       1       85.7%
BITCOMMON            E      0       0       0        0.0%
CODE                 0      0       0       0        0.0%
DATA                 0      0      4E      12        0.0%
ABS                  0      0      4E       3        0.0%
NULL                 0      0       0       0        0.0%
STACK                0      0       0       2        0.0%
EEDATA             100      0       0       0        0.0%


Microchip Technology PIC Macro Assembler V1.33 build 59893 
Symbol Table                                                                                   Fri Apr 11 20:15:49 2025

                      pc 0002                       l33 07CC                       l36 07EB  
                     fsr 0004                      l620 0739                      l640 075C  
                    l632 074E                      l624 0740                      l616 0732  
                    l652 0771                      l644 0763                      l636 0755  
                    l628 0747                      l660 0781                      l656 0778  
                    l648 076A                      l680 07B0                      _RB4 0034  
                    u310 07A3                      u335 07CA                      u355 07E9  
                    _TX9 04C6                      fsr0 0004                      indf 0000  
                   _BRGH 04C2                     _SPEN 00C7                     _TRMT 04C1  
                   _TXEN 04C5                     _SYNC 04C4                     _main 0788  
                   btemp 007E                     ltemp 007E                     start 0000  
                   ttemp 007E                     wtemp 007E                    ?_main 0070  
                  _SPBRG 0099                    _PORTB 0006                    _TRISB 0086  
                  _TXREG 0019                    main@i 0040                    pclath 000A  
                  ltemp0 007E                    ltemp1 0082                    ltemp2 0086  
                  ltemp3 0080                    ttemp0 007E                    ttemp1 0081  
                  ttemp2 0084                    ttemp3 0087                    ttemp4 007F  
                  status 0003                    wtemp0 007E                    wtemp1 0080  
                  wtemp2 0082                    wtemp3 0084                    wtemp4 0086  
                  wtemp5 0088                    wtemp6 007F          __initialization 07F0  
           __end_of_main 07F0                   ??_main 0078  __end_of__initialization 07FC  
         __pcstackCOMMON 0070             __pidataBANK0 0702               _checkInput 0722  
             __pmaintext 0788                  __ptext1 0722              ?_checkInput 0070  
   end_of_initialization 07FC               main@string 0020      __size_of_checkInput 0066  
    start_initialization 07F0               init_fetch0 06F1              __pdataBANK0 0042  
              ___latbits 0002            __pcstackBANK0 0020             ??_checkInput 0072  
              main@F1158 0042       __end_of_checkInput 0788         checkInput@output 0074  
          __size_of_main 0068          checkInput@input 0076                 init_ram0 06F5  
