

Microchip Technology PIC LITE Macro Assembler V1.33 build 59893 
                                                                                               Mon May 19 03:14:23 2025

Microchip Technology Omniscient Code Generator (Lite mode) build 59893
     1                           	processor	16F877A
     2                           	opt	pw 120
     3                           	opt	lm
     4                           	psect	text0,local,class=CODE,merge=1,delta=2
     5                           	psect	cinit,global,class=CODE,merge=1,delta=2
     6                           	psect	cstackCOMMON,global,class=COMMON,space=1,delta=1
     7                           	psect	maintext,global,class=CODE,split=1,delta=2
     8                           	psect	text1,local,class=CODE,merge=1,delta=2
     9                           	psect	text2,local,class=CODE,merge=1,delta=2
    10                           	psect	text3,local,class=CODE,merge=1,delta=2
    11                           	psect	text4,local,class=CODE,merge=1,delta=2
    12                           	dabs	1,0x7E,2
    13  0000                     	;# 
    14  0001                     	;# 
    15  0002                     	;# 
    16  0003                     	;# 
    17  0004                     	;# 
    18  0005                     	;# 
    19  0006                     	;# 
    20  0007                     	;# 
    21  0008                     	;# 
    22  0009                     	;# 
    23  000A                     	;# 
    24  000B                     	;# 
    25  000C                     	;# 
    26  000D                     	;# 
    27  000E                     	;# 
    28  000E                     	;# 
    29  000F                     	;# 
    30  0010                     	;# 
    31  0011                     	;# 
    32  0012                     	;# 
    33  0013                     	;# 
    34  0014                     	;# 
    35  0015                     	;# 
    36  0015                     	;# 
    37  0016                     	;# 
    38  0017                     	;# 
    39  0018                     	;# 
    40  0019                     	;# 
    41  001A                     	;# 
    42  001B                     	;# 
    43  001B                     	;# 
    44  001C                     	;# 
    45  001D                     	;# 
    46  001E                     	;# 
    47  001F                     	;# 
    48  0081                     	;# 
    49  0085                     	;# 
    50  0086                     	;# 
    51  0087                     	;# 
    52  0088                     	;# 
    53  0089                     	;# 
    54  008C                     	;# 
    55  008D                     	;# 
    56  008E                     	;# 
    57  0091                     	;# 
    58  0092                     	;# 
    59  0093                     	;# 
    60  0094                     	;# 
    61  0098                     	;# 
    62  0099                     	;# 
    63  009C                     	;# 
    64  009D                     	;# 
    65  009E                     	;# 
    66  009F                     	;# 
    67  010C                     	;# 
    68  010D                     	;# 
    69  010E                     	;# 
    70  010F                     	;# 
    71  018C                     	;# 
    72  018D                     	;# 
    73  000C                     _PIR1bits	set	12
    74  0008                     _PORTDbits	set	8
    75  0018                     _RCSTAbits	set	24
    76  0019                     _TXREG	set	25
    77  009F                     _ADCON1	set	159
    78  0099                     _SPBRG	set	153
    79  0087                     _TRISCbits	set	135
    80  0088                     _TRISD	set	136
    81  0098                     _TXSTAbits	set	152
    82                           
    83                           	psect	text0
    84  0000                     __ptext0:	
    85                           ; #config settings
    86                           
    87                           
    88                           ;psect for function _init_ports
    89  0000                     
    90                           	psect	cinit
    91  07FC                     start_initialization:	
    92  07FC                     __initialization:	
    93  07FC                     end_of_initialization:	
    94                           ;End of C runtime variable initialization code
    95                           
    96  07FC                     __end_of__initialization:	
    97  07FC  0183               	clrf	3
    98  07FD  120A  118A  2FCD   	ljmp	_main	;jump to C main() function
    99                           
   100                           	psect	cstackCOMMON
   101  0070                     __pcstackCOMMON:	
   102  0070                     ?_init_ports:	
   103  0070                     ??_init_ports:	
   104                           ; 0 bytes @ 0x0
   105                           
   106  0070                     ?_init_uart:	
   107                           ; 0 bytes @ 0x0
   108                           
   109  0070                     ??_init_uart:	
   110                           ; 0 bytes @ 0x0
   111                           
   112  0070                     ?_main:	
   113                           ; 0 bytes @ 0x0
   114                           
   115  0070                     ?_uart_transmit:	
   116                           ; 0 bytes @ 0x0
   117                           
   118  0070                     ??_uart_transmit:	
   119                           ; 0 bytes @ 0x0
   120                           
   121  0070                     uart_transmit@data:	
   122                           ; 0 bytes @ 0x0
   123                           
   124                           
   125                           ; 1 bytes @ 0x0
   126  0070                     	ds	1
   127  0071                     ?_uart_transmit_state:	
   128  0071                     uart_transmit_state@state:	
   129                           ; 0 bytes @ 0x1
   130                           
   131                           
   132                           ; 2 bytes @ 0x1
   133  0071                     	ds	2
   134  0073                     ??_uart_transmit_state:	
   135  0073                     _uart_transmit_state$235:	
   136                           ; 0 bytes @ 0x3
   137                           
   138                           
   139                           ; 2 bytes @ 0x3
   140  0073                     	ds	2
   141  0075                     ??_main:	
   142                           
   143                           ; 0 bytes @ 0x5
   144  0075                     	ds	3
   145  0078                     main@state:	
   146                           
   147                           ; 2 bytes @ 0x8
   148  0078                     	ds	2
   149                           
   150                           	psect	maintext
   151  07CD                     __pmaintext:	
   152 ;;
   153 ;;Main: autosize = 0, tempsize = 3, incstack = 0, save=0
   154 ;;
   155 ;; *************** function _main *****************
   156 ;; Defined at:
   157 ;;		line 28 in file "D:\From old laptop\Subjects\Uni\3rd Year M\2nd sem\Embedded Systems\Final\pic-to-esp\pic-to-esp.c"
   158 ;; Parameters:    Size  Location     Type
   159 ;;		None
   160 ;; Auto vars:     Size  Location     Type
   161 ;;  state           2    8[COMMON] int 
   162 ;; Return value:  Size  Location     Type
   163 ;;		None               void
   164 ;; Registers used:
   165 ;;		wreg, status,2, status,0, pclath, cstack
   166 ;; Tracked objects:
   167 ;;		On entry : 17F/0
   168 ;;		On exit  : 0/0
   169 ;;		Unchanged: 0/0
   170 ;; Data sizes:     COMMON   BANK0   BANK1   BANK3   BANK2
   171 ;;      Params:         0       0       0       0       0
   172 ;;      Locals:         2       0       0       0       0
   173 ;;      Temps:          3       0       0       0       0
   174 ;;      Totals:         5       0       0       0       0
   175 ;;Total ram usage:        5 bytes
   176 ;; Hardware stack levels required when called:    2
   177 ;; This function calls:
   178 ;;		_init_ports
   179 ;;		_init_uart
   180 ;;		_uart_transmit_state
   181 ;; This function is called by:
   182 ;;		Startup code after reset
   183 ;; This function uses a non-reentrant model
   184 ;;
   185                           
   186                           
   187                           ;psect for function _main
   188  07CD                     _main:	
   189                           
   190                           ;pic-to-esp.c: 29: init_ports();
   191                           
   192                           ;incstack = 0
   193                           ; Regs used in _main: [wreg+status,2+status,0+pclath+cstack]
   194  07CD  120A  118A  279C  120A  118A  	fcall	_init_ports
   195                           
   196                           ;pic-to-esp.c: 30: init_uart();
   197  07D2  120A  118A  27A5  120A  118A  	fcall	_init_uart
   198  07D7                     l566:	
   199                           ;pic-to-esp.c: 32: while (1) {
   200                           
   201                           
   202                           ;pic-to-esp.c: 33: int state = PORTDbits.RD2;
   203  07D7  1283               	bcf	3,5	;RP0=0, select bank0
   204  07D8  1303               	bcf	3,6	;RP1=0, select bank0
   205  07D9  0C08               	rrf	8,w	;volatile
   206  07DA  00F5               	movwf	??_main
   207  07DB  0C75               	rrf	??_main,w
   208  07DC  3901               	andlw	1
   209  07DD  00F6               	movwf	??_main+1
   210  07DE  01F7               	clrf	??_main+2
   211  07DF  0876               	movf	??_main+1,w
   212  07E0  00F8               	movwf	main@state
   213  07E1  0877               	movf	??_main+2,w
   214  07E2  00F9               	movwf	main@state+1
   215                           
   216                           ;pic-to-esp.c: 34: uart_transmit_state(state);
   217  07E3  0879               	movf	main@state+1,w
   218  07E4  01F2               	clrf	uart_transmit_state@state+1
   219  07E5  07F2               	addwf	uart_transmit_state@state+1,f
   220  07E6  0878               	movf	main@state,w
   221  07E7  01F1               	clrf	uart_transmit_state@state
   222  07E8  07F1               	addwf	uart_transmit_state@state,f
   223  07E9  120A  118A  27B2  120A  118A  	fcall	_uart_transmit_state
   224                           
   225                           ;pic-to-esp.c: 35: _delay((unsigned long)((500)*(4000000/4000.0)));
   226  07EE  3003               	movlw	3
   227  07EF  00F7               	movwf	??_main+2
   228  07F0  308A               	movlw	138
   229  07F1  00F6               	movwf	??_main+1
   230  07F2  3056               	movlw	86
   231  07F3  00F5               	movwf	??_main
   232  07F4                     u57:	
   233  07F4  0BF5               	decfsz	??_main,f
   234  07F5  2FF4               	goto	u57
   235  07F6  0BF6               	decfsz	??_main+1,f
   236  07F7  2FF4               	goto	u57
   237  07F8  0BF7               	decfsz	??_main+2,f
   238  07F9  2FF4               	goto	u57
   239  07FA  2FFB               	nop2
   240  07FB  2FD7               	goto	l566
   241  07FC                     __end_of_main:	
   242                           
   243                           	psect	text1
   244  07B2                     __ptext1:	
   245 ;; *************** function _uart_transmit_state *****************
   246 ;; Defined at:
   247 ;;		line 59 in file "D:\From old laptop\Subjects\Uni\3rd Year M\2nd sem\Embedded Systems\Final\pic-to-esp\pic-to-esp.c"
   248 ;; Parameters:    Size  Location     Type
   249 ;;  state           2    1[COMMON] int 
   250 ;; Auto vars:     Size  Location     Type
   251 ;;		None
   252 ;; Return value:  Size  Location     Type
   253 ;;		None               void
   254 ;; Registers used:
   255 ;;		wreg, status,2, status,0, pclath, cstack
   256 ;; Tracked objects:
   257 ;;		On entry : 0/0
   258 ;;		On exit  : 0/0
   259 ;;		Unchanged: 0/0
   260 ;; Data sizes:     COMMON   BANK0   BANK1   BANK3   BANK2
   261 ;;      Params:         2       0       0       0       0
   262 ;;      Locals:         2       0       0       0       0
   263 ;;      Temps:          0       0       0       0       0
   264 ;;      Totals:         4       0       0       0       0
   265 ;;Total ram usage:        4 bytes
   266 ;; Hardware stack levels used:    1
   267 ;; Hardware stack levels required when called:    1
   268 ;; This function calls:
   269 ;;		_uart_transmit
   270 ;; This function is called by:
   271 ;;		_main
   272 ;; This function uses a non-reentrant model
   273 ;;
   274                           
   275                           
   276                           ;psect for function _uart_transmit_state
   277  07B2                     _uart_transmit_state:	
   278                           
   279                           ;pic-to-esp.c: 60: uart_transmit(state ? '1' : '0');
   280                           
   281                           ;incstack = 0
   282                           ; Regs used in _uart_transmit_state: [wreg+status,2+status,0+pclath+cstack]
   283  07B2  0872               	movf	uart_transmit_state@state+1,w
   284  07B3  0471               	iorwf	uart_transmit_state@state,w
   285  07B4  1D03               	skipz
   286  07B5  2FB8               	goto	l556
   287  07B6  3030               	movlw	48
   288  07B7  2FB9               	goto	L1
   289  07B8                     l556:	
   290  07B8  3031               	movlw	49
   291  07B9                     L1:	
   292  07B9  00F3               	movwf	_uart_transmit_state$235
   293  07BA  3000               	movlw	0
   294  07BB  00F4               	movwf	_uart_transmit_state$235+1
   295  07BC  0873               	movf	_uart_transmit_state$235,w
   296  07BD  120A  118A  2794  120A  118A  	fcall	_uart_transmit
   297                           
   298                           ;pic-to-esp.c: 61: uart_transmit('\r');
   299  07C2  300D               	movlw	13
   300  07C3  120A  118A  2794  120A  118A  	fcall	_uart_transmit
   301                           
   302                           ;pic-to-esp.c: 62: uart_transmit('\n');
   303  07C8  300A               	movlw	10
   304  07C9  120A  118A  2794   	fcall	_uart_transmit
   305  07CC  0008               	return
   306  07CD                     __end_of_uart_transmit_state:	
   307                           
   308                           	psect	text2
   309  0794                     __ptext2:	
   310 ;; *************** function _uart_transmit *****************
   311 ;; Defined at:
   312 ;;		line 54 in file "D:\From old laptop\Subjects\Uni\3rd Year M\2nd sem\Embedded Systems\Final\pic-to-esp\pic-to-esp.c"
   313 ;; Parameters:    Size  Location     Type
   314 ;;  data            1    wreg     unsigned char 
   315 ;; Auto vars:     Size  Location     Type
   316 ;;  data            1    0[COMMON] unsigned char 
   317 ;; Return value:  Size  Location     Type
   318 ;;		None               void
   319 ;; Registers used:
   320 ;;		wreg
   321 ;; Tracked objects:
   322 ;;		On entry : 0/0
   323 ;;		On exit  : 0/0
   324 ;;		Unchanged: 0/0
   325 ;; Data sizes:     COMMON   BANK0   BANK1   BANK3   BANK2
   326 ;;      Params:         0       0       0       0       0
   327 ;;      Locals:         1       0       0       0       0
   328 ;;      Temps:          0       0       0       0       0
   329 ;;      Totals:         1       0       0       0       0
   330 ;;Total ram usage:        1 bytes
   331 ;; Hardware stack levels used:    1
   332 ;; This function calls:
   333 ;;		Nothing
   334 ;; This function is called by:
   335 ;;		_uart_transmit_state
   336 ;; This function uses a non-reentrant model
   337 ;;
   338                           
   339                           
   340                           ;psect for function _uart_transmit
   341  0794                     _uart_transmit:	
   342                           
   343                           ;incstack = 0
   344                           ; Regs used in _uart_transmit: [wreg]
   345                           ;uart_transmit@data stored from wreg
   346  0794  00F0               	movwf	uart_transmit@data
   347  0795                     l41:	
   348                           ;pic-to-esp.c: 55: while (!PIR1bits.TXIF);
   349                           
   350  0795  1283               	bcf	3,5	;RP0=0, select bank0
   351  0796  1303               	bcf	3,6	;RP1=0, select bank0
   352  0797  1E0C               	btfss	12,4	;volatile
   353  0798  2F95               	goto	l41
   354                           
   355                           ;pic-to-esp.c: 56: TXREG = data;
   356  0799  0870               	movf	uart_transmit@data,w
   357  079A  0099               	movwf	25	;volatile
   358  079B  0008               	return
   359  079C                     __end_of_uart_transmit:	
   360                           
   361                           	psect	text3
   362  07A5                     __ptext3:	
   363 ;; *************** function _init_uart *****************
   364 ;; Defined at:
   365 ;;		line 46 in file "D:\From old laptop\Subjects\Uni\3rd Year M\2nd sem\Embedded Systems\Final\pic-to-esp\pic-to-esp.c"
   366 ;; Parameters:    Size  Location     Type
   367 ;;		None
   368 ;; Auto vars:     Size  Location     Type
   369 ;;		None
   370 ;; Return value:  Size  Location     Type
   371 ;;		None               void
   372 ;; Registers used:
   373 ;;		wreg
   374 ;; Tracked objects:
   375 ;;		On entry : 0/0
   376 ;;		On exit  : 0/0
   377 ;;		Unchanged: 0/0
   378 ;; Data sizes:     COMMON   BANK0   BANK1   BANK3   BANK2
   379 ;;      Params:         0       0       0       0       0
   380 ;;      Locals:         0       0       0       0       0
   381 ;;      Temps:          0       0       0       0       0
   382 ;;      Totals:         0       0       0       0       0
   383 ;;Total ram usage:        0 bytes
   384 ;; Hardware stack levels used:    1
   385 ;; This function calls:
   386 ;;		Nothing
   387 ;; This function is called by:
   388 ;;		_main
   389 ;; This function uses a non-reentrant model
   390 ;;
   391                           
   392                           
   393                           ;psect for function _init_uart
   394  07A5                     _init_uart:	
   395                           
   396                           ;pic-to-esp.c: 47: SPBRG = 25;
   397                           
   398                           ;incstack = 0
   399                           ; Regs used in _init_uart: [wreg]
   400  07A5  3019               	movlw	25
   401  07A6  1683               	bsf	3,5	;RP0=1, select bank1
   402  07A7  1303               	bcf	3,6	;RP1=0, select bank1
   403  07A8  0099               	movwf	25	;volatile
   404                           
   405                           ;pic-to-esp.c: 48: TXSTAbits.BRGH = 1;
   406  07A9  1518               	bsf	24,2	;volatile
   407                           
   408                           ;pic-to-esp.c: 49: TXSTAbits.SYNC = 0;
   409  07AA  1218               	bcf	24,4	;volatile
   410                           
   411                           ;pic-to-esp.c: 50: RCSTAbits.SPEN = 1;
   412  07AB  1283               	bcf	3,5	;RP0=0, select bank0
   413  07AC  1303               	bcf	3,6	;RP1=0, select bank0
   414  07AD  1798               	bsf	24,7	;volatile
   415                           
   416                           ;pic-to-esp.c: 51: TXSTAbits.TXEN = 1;
   417  07AE  1683               	bsf	3,5	;RP0=1, select bank1
   418  07AF  1303               	bcf	3,6	;RP1=0, select bank1
   419  07B0  1698               	bsf	24,5	;volatile
   420  07B1  0008               	return
   421  07B2                     __end_of_init_uart:	
   422                           
   423                           	psect	text4
   424  079C                     __ptext4:	
   425 ;; *************** function _init_ports *****************
   426 ;; Defined at:
   427 ;;		line 39 in file "D:\From old laptop\Subjects\Uni\3rd Year M\2nd sem\Embedded Systems\Final\pic-to-esp\pic-to-esp.c"
   428 ;; Parameters:    Size  Location     Type
   429 ;;		None
   430 ;; Auto vars:     Size  Location     Type
   431 ;;		None
   432 ;; Return value:  Size  Location     Type
   433 ;;		None               void
   434 ;; Registers used:
   435 ;;		wreg
   436 ;; Tracked objects:
   437 ;;		On entry : 0/0
   438 ;;		On exit  : 0/0
   439 ;;		Unchanged: 0/0
   440 ;; Data sizes:     COMMON   BANK0   BANK1   BANK3   BANK2
   441 ;;      Params:         0       0       0       0       0
   442 ;;      Locals:         0       0       0       0       0
   443 ;;      Temps:          0       0       0       0       0
   444 ;;      Totals:         0       0       0       0       0
   445 ;;Total ram usage:        0 bytes
   446 ;; Hardware stack levels used:    1
   447 ;; This function calls:
   448 ;;		Nothing
   449 ;; This function is called by:
   450 ;;		_main
   451 ;; This function uses a non-reentrant model
   452 ;;
   453                           
   454                           
   455                           ;psect for function _init_ports
   456  079C                     _init_ports:	
   457                           
   458                           ;pic-to-esp.c: 40: TRISD = 0xFF;
   459                           
   460                           ;incstack = 0
   461                           ; Regs used in _init_ports: [wreg]
   462  079C  30FF               	movlw	255
   463  079D  1683               	bsf	3,5	;RP0=1, select bank1
   464  079E  1303               	bcf	3,6	;RP1=0, select bank1
   465  079F  0088               	movwf	8	;volatile
   466                           
   467                           ;pic-to-esp.c: 41: TRISCbits.TRISC6 = 0;
   468  07A0  1307               	bcf	7,6	;volatile
   469                           
   470                           ;pic-to-esp.c: 42: TRISCbits.TRISC7 = 1;
   471  07A1  1787               	bsf	7,7	;volatile
   472                           
   473                           ;pic-to-esp.c: 43: ADCON1 = 0x06;
   474  07A2  3006               	movlw	6
   475  07A3  009F               	movwf	31	;volatile
   476  07A4  0008               	return
   477  07A5                     __end_of_init_ports:	
   478  007E                     btemp	set	126	;btemp
   479  007E                     wtemp	set	126
   480  007E                     wtemp0	set	126
   481  0080                     wtemp1	set	128
   482  0082                     wtemp2	set	130
   483  0084                     wtemp3	set	132
   484  0086                     wtemp4	set	134
   485  0088                     wtemp5	set	136
   486  007F                     wtemp6	set	127
   487  007E                     ttemp	set	126
   488  007E                     ttemp0	set	126
   489  0081                     ttemp1	set	129
   490  0084                     ttemp2	set	132
   491  0087                     ttemp3	set	135
   492  007F                     ttemp4	set	127
   493  007E                     ltemp	set	126
   494  007E                     ltemp0	set	126
   495  0082                     ltemp1	set	130
   496  0086                     ltemp2	set	134
   497  0080                     ltemp3	set	128


Data Sizes:
    Strings     0
    Constant    0
    Data        0
    BSS         0
    Persistent  0
    Stack       0

Auto Spaces:
    Space          Size  Autos    Used
    COMMON           14     10      10
    BANK0            80      0       0
    BANK1            80      0       0
    BANK3            96      0       0
    BANK2            96      0       0

Pointer List with Targets:

    None.

Critical Paths under _main in COMMON

    _main->_uart_transmit_state
    _uart_transmit_state->_uart_transmit

Critical Paths under _main in BANK0

    None.

Critical Paths under _main in BANK1

    None.

Critical Paths under _main in BANK3

    None.

Critical Paths under _main in BANK2

    None.

Call Graph Tables:

 ---------------------------------------------------------------------------------
 (Depth) Function   	        Calls       Base Space   Used Autos Params    Refs
 ---------------------------------------------------------------------------------
 (0) _main                                                 5     5      0     144
                                              5 COMMON     5     5      0
                         _init_ports
                          _init_uart
                _uart_transmit_state
 ---------------------------------------------------------------------------------
 (1) _uart_transmit_state                                  4     2      2     121
                                              1 COMMON     4     2      2
                      _uart_transmit
 ---------------------------------------------------------------------------------
 (2) _uart_transmit                                        1     1      0      22
                                              0 COMMON     1     1      0
 ---------------------------------------------------------------------------------
 (1) _init_uart                                            0     0      0       0
 ---------------------------------------------------------------------------------
 (1) _init_ports                                           0     0      0       0
 ---------------------------------------------------------------------------------
 Estimated maximum stack depth 2
 ---------------------------------------------------------------------------------

 Call Graph Graphs:

 _main (ROOT)
   _init_ports
   _init_uart
   _uart_transmit_state
     _uart_transmit

 Address spaces:
Name               Size   Autos  Total    Cost      Usage
BITCOMMON            E      0       0       0        0.0%
EEDATA             100      0       0       0        0.0%
NULL                 0      0       0       0        0.0%
CODE                 0      0       0       0        0.0%
COMMON               E      A       A       1       71.4%
BITSFR0              0      0       0       1        0.0%
SFR0                 0      0       0       1        0.0%
BITSFR1              0      0       0       2        0.0%
SFR1                 0      0       0       2        0.0%
STACK                0      0       0       2        0.0%
ABS                  0      0       0       3        0.0%
BITBANK0            50      0       0       4        0.0%
BITSFR3              0      0       0       4        0.0%
SFR3                 0      0       0       4        0.0%
BANK0               50      0       0       5        0.0%
BITSFR2              0      0       0       5        0.0%
SFR2                 0      0       0       5        0.0%
BITBANK1            50      0       0       6        0.0%
BANK1               50      0       0       7        0.0%
BITBANK3            60      0       0       8        0.0%
BANK3               60      0       0       9        0.0%
BITBANK2            60      0       0      10        0.0%
BANK2               60      0       0      11        0.0%
DATA                 0      0       0      12        0.0%


Microchip Technology PIC Macro Assembler V1.33 build 59893 
Symbol Table                                                                                   Mon May 19 03:14:23 2025

                 __CFG_CP$OFF 0000                            l41 0795                            u57 07F4  
    uart_transmit_state@state 0071                           l556 07B8                           l566 07D7  
                __CFG_CPD$OFF 0000                  __CFG_FOSC$XT 0000                  __CFG_LVP$OFF 0000  
             ??_uart_transmit 0070                  __CFG_WRT$OFF 0000                          _main 07CD  
                        btemp 007E                          ltemp 007E                          start 0000  
                        ttemp 007E                          wtemp 007E           _uart_transmit_state 07B2  
                       ?_main 0070                 __CFG_WDTE$OFF 0000                         _SPBRG 0099  
                       _TRISD 0088                         _TXREG 0019                 __CFG_PWRTE$ON 0000  
        ?_uart_transmit_state 0071                __CFG_BOREN$OFF 0000                         ltemp0 007E  
                       ltemp1 0082                         ltemp2 0086                         ltemp3 0080  
                       ttemp0 007E                         ttemp1 0081                         ttemp2 0084  
                       ttemp3 0087                         ttemp4 007F                         status 0003  
                       wtemp0 007E                         wtemp1 0080                         wtemp2 0082  
                       wtemp3 0084                         wtemp4 0086                         wtemp5 0088  
                       wtemp6 007F               __initialization 07FC                  __end_of_main 07FC  
                      ??_main 0075                        _ADCON1 009F         ??_uart_transmit_state 0073  
     _uart_transmit_state$235 0073       __end_of__initialization 07FC                __pcstackCOMMON 0070  
          __size_of_init_uart 000D                    __pmaintext 07CD         __end_of_uart_transmit 079C  
                  _init_ports 079C                       __ptext0 0000                       __ptext1 07B2  
                     __ptext2 0794                       __ptext3 07A5                       __ptext4 079C  
           __end_of_init_uart 07B2          end_of_initialization 07FC                     _RCSTAbits 0018  
                   _PORTDbits 0008   __end_of_uart_transmit_state 07CD                     _TRISCbits 0087  
                   _TXSTAbits 0098                   ?_init_ports 0070           start_initialization 07FC  
                   ___latbits 0002           __size_of_init_ports 0009                     _init_uart 07A5  
                    _PIR1bits 000C        __size_of_uart_transmit 0008                     main@state 0078  
                  ?_init_uart 0070                  ??_init_ports 0070  __size_of_uart_transmit_state 001B  
           uart_transmit@data 0070                 __size_of_main 002F            __end_of_init_ports 07A5  
               _uart_transmit 0794                   ??_init_uart 0070                ?_uart_transmit 0070  
