

Microchip Technology PIC LITE Macro Assembler V1.33 build 59893 
                                                                                               Mon Apr 04 22:51:36 2022

Microchip Technology Omniscient Code Generator (Lite mode) build 59893
     1                           	processor	16F877A
     2                           	opt	pw 120
     3                           	opt	lm
     4                           	psect	text0,local,class=CODE,merge=1,delta=2
     5                           	psect	cinit,global,class=CODE,merge=1,delta=2
     6                           	psect	cstackCOMMON,global,class=COMMON,space=1,delta=1
     7                           	psect	maintext,global,class=CODE,split=1,delta=2
     8                           	psect	text1,local,class=CODE,merge=1,delta=2
     9                           	psect	text2,local,class=CODE,merge=1,delta=2
    10                           	psect	text3,local,class=CODE,merge=1,delta=2
    11                           	psect	text4,local,class=CODE,merge=1,delta=2
    12                           	psect	text5,local,class=CODE,merge=1,delta=2
    13                           	psect	text6,local,class=CODE,merge=1,delta=2
    14                           	dabs	1,0x7E,2
    15  0000                     	;# 
    16  0001                     	;# 
    17  0002                     	;# 
    18  0003                     	;# 
    19  0004                     	;# 
    20  0005                     	;# 
    21  0006                     	;# 
    22  0007                     	;# 
    23  0008                     	;# 
    24  0009                     	;# 
    25  000A                     	;# 
    26  000B                     	;# 
    27  000C                     	;# 
    28  000D                     	;# 
    29  000E                     	;# 
    30  000E                     	;# 
    31  000F                     	;# 
    32  0010                     	;# 
    33  0011                     	;# 
    34  0012                     	;# 
    35  0013                     	;# 
    36  0014                     	;# 
    37  0015                     	;# 
    38  0015                     	;# 
    39  0016                     	;# 
    40  0017                     	;# 
    41  0018                     	;# 
    42  0019                     	;# 
    43  001A                     	;# 
    44  001B                     	;# 
    45  001B                     	;# 
    46  001C                     	;# 
    47  001D                     	;# 
    48  001E                     	;# 
    49  001F                     	;# 
    50  0081                     	;# 
    51  0085                     	;# 
    52  0086                     	;# 
    53  0087                     	;# 
    54  0088                     	;# 
    55  0089                     	;# 
    56  008C                     	;# 
    57  008D                     	;# 
    58  008E                     	;# 
    59  0091                     	;# 
    60  0092                     	;# 
    61  0093                     	;# 
    62  0094                     	;# 
    63  0098                     	;# 
    64  0099                     	;# 
    65  009C                     	;# 
    66  009D                     	;# 
    67  009E                     	;# 
    68  009F                     	;# 
    69  010C                     	;# 
    70  010D                     	;# 
    71  010E                     	;# 
    72  010F                     	;# 
    73  018C                     	;# 
    74  018D                     	;# 
    75  0008                     _PORTD	set	8
    76  0013                     _SSPBUF	set	19
    77  0014                     _SSPCON	set	20
    78  0093                     _SSPADD	set	147
    79  0091                     _SSPCON2	set	145
    80  0094                     _SSPSTAT	set	148
    81  0088                     _TRISD	set	136
    82  048D                     _ACKDT	set	1165
    83  048C                     _ACKEN	set	1164
    84  048A                     _PEN	set	1162
    85  048B                     _RCEN	set	1163
    86  0489                     _RSEN	set	1161
    87  0488                     _SEN	set	1160
    88  043B                     _TRISC3	set	1083
    89  043C                     _TRISC4	set	1084
    90                           
    91                           	psect	text0
    92  0000                     __ptext0:	
    93                           ; #config settings
    94                           
    95                           
    96                           	psect	cinit
    97  07FC                     start_initialization:	
    98                           ;psect for function _I2C_Wait
    99                           
   100  07FC                     __initialization:	
   101  07FC                     end_of_initialization:	
   102                           ;End of C runtime variable initialization code
   103                           
   104  07FC                     __end_of__initialization:	
   105  07FC  0183               	clrf	3
   106  07FD  120A  118A  2FD1   	ljmp	_main	;jump to C main() function
   107                           
   108                           	psect	cstackCOMMON
   109  0070                     __pcstackCOMMON:	
   110  0070                     ?_init_I2C_Master:	
   111  0070                     ??_init_I2C_Master:	
   112                           ; 0 bytes @ 0x0
   113                           
   114  0070                     ?_I2C_Start:	
   115                           ; 0 bytes @ 0x0
   116                           
   117  0070                     ??_I2C_Start:	
   118                           ; 0 bytes @ 0x0
   119                           
   120  0070                     ?_I2C_Send:	
   121                           ; 0 bytes @ 0x0
   122                           
   123  0070                     ??_I2C_Send:	
   124                           ; 0 bytes @ 0x0
   125                           
   126  0070                     ?_I2C_Stop:	
   127                           ; 0 bytes @ 0x0
   128                           
   129  0070                     ??_I2C_Stop:	
   130                           ; 0 bytes @ 0x0
   131                           
   132  0070                     ?_delay_ms:	
   133                           ; 0 bytes @ 0x0
   134                           
   135  0070                     ?_main:	
   136                           ; 0 bytes @ 0x0
   137                           
   138  0070                     ?_I2C_Wait:	
   139                           ; 0 bytes @ 0x0
   140                           
   141  0070                     ??_I2C_Wait:	
   142                           ; 0 bytes @ 0x0
   143                           
   144  0070                     I2C_Send@data:	
   145                           ; 0 bytes @ 0x0
   146                           
   147  0070                     delay_ms@cnt:	
   148                           ; 1 bytes @ 0x0
   149                           
   150                           
   151                           ; 2 bytes @ 0x0
   152  0070                     	ds	2
   153  0072                     ??_delay_ms:	
   154  0072                     delay_ms@i:	
   155                           ; 0 bytes @ 0x2
   156                           
   157                           
   158                           ; 2 bytes @ 0x2
   159  0072                     	ds	2
   160  0074                     delay_ms@j:	
   161                           
   162                           ; 2 bytes @ 0x4
   163  0074                     	ds	2
   164  0076                     ??_main:	
   165                           
   166                           	psect	maintext
   167  07D1                     __pmaintext:	
   168                           ; 0 bytes @ 0x6
   169 ;;
   170 ;;Main: autosize = 0, tempsize = 0, incstack = 0, save=0
   171 ;;
   172 ;; *************** function _main *****************
   173 ;; Defined at:
   174 ;;		line 13 in file "D:\Desktop\3rd year 2nd sem\Embedded Systems\Practical Activities\Pratical Activity #7\MPLAB Projec
      +t Directory\7-1\LE7-1.c"
   175 ;; Parameters:    Size  Location     Type
   176 ;;		None
   177 ;; Auto vars:     Size  Location     Type
   178 ;;		None
   179 ;; Return value:  Size  Location     Type
   180 ;;		None               void
   181 ;; Registers used:
   182 ;;		wreg, status,2, status,0, btemp+1, pclath, cstack
   183 ;; Tracked objects:
   184 ;;		On entry : 17F/0
   185 ;;		On exit  : 0/0
   186 ;;		Unchanged: 0/0
   187 ;; Data sizes:     COMMON   BANK0   BANK1   BANK3   BANK2
   188 ;;      Params:         0       0       0       0       0
   189 ;;      Locals:         0       0       0       0       0
   190 ;;      Temps:          0       0       0       0       0
   191 ;;      Totals:         0       0       0       0       0
   192 ;;Total ram usage:        0 bytes
   193 ;; Hardware stack levels required when called:    2
   194 ;; This function calls:
   195 ;;		_I2C_Send
   196 ;;		_I2C_Start
   197 ;;		_I2C_Stop
   198 ;;		_delay_ms
   199 ;;		_init_I2C_Master
   200 ;; This function is called by:
   201 ;;		Startup code after reset
   202 ;; This function uses a non-reentrant model
   203 ;;
   204                           
   205                           
   206                           ;psect for function _main
   207  07D1                     _main:	
   208                           
   209                           ;LE7-1.c: 15: TRISD = 0xFF;
   210                           
   211                           ;incstack = 0
   212                           ; Regs used in _main: [wreg+status,2+status,0+btemp+1+pclath+cstack]
   213  07D1  30FF               	movlw	255
   214  07D2  1683               	bsf	3,5	;RP0=1, select bank1
   215  07D3  1303               	bcf	3,6	;RP1=0, select bank1
   216  07D4  0088               	movwf	8	;volatile
   217                           
   218                           ;LE7-1.c: 16: init_I2C_Master();
   219  07D5  120A  118A  279A  120A  118A  	fcall	_init_I2C_Master
   220  07DA                     l583:	
   221                           ;LE7-1.c: 17: for(;;){
   222                           
   223                           
   224                           ;LE7-1.c: 18: I2C_Start();
   225  07DA  120A  118A  277B  120A  118A  	fcall	_I2C_Start
   226                           
   227                           ;LE7-1.c: 19: I2C_Send(0x10);
   228  07DF  3010               	movlw	16
   229  07E0  120A  118A  2791  120A  118A  	fcall	_I2C_Send
   230                           
   231                           ;LE7-1.c: 20: I2C_Send(PORTD);
   232  07E5  1283               	bcf	3,5	;RP0=0, select bank0
   233  07E6  1303               	bcf	3,6	;RP1=0, select bank0
   234  07E7  0808               	movf	8,w	;volatile
   235  07E8  120A  118A  2791  120A  118A  	fcall	_I2C_Send
   236                           
   237                           ;LE7-1.c: 21: I2C_Stop();
   238  07ED  120A  118A  2782  120A  118A  	fcall	_I2C_Stop
   239                           
   240                           ;LE7-1.c: 22: delay_ms(200);
   241  07F2  30C8               	movlw	200
   242  07F3  00F0               	movwf	delay_ms@cnt
   243  07F4  3000               	movlw	0
   244  07F5  00F1               	movwf	delay_ms@cnt+1
   245  07F6  120A  118A  27A9  120A  118A  	fcall	_delay_ms
   246                           
   247                           ;LE7-1.c: 23: }
   248  07FB  2FDA               	goto	l583
   249  07FC                     __end_of_main:	
   250                           
   251                           	psect	text1
   252  079A                     __ptext1:	
   253 ;; *************** function _init_I2C_Master *****************
   254 ;; Defined at:
   255 ;;		line 26 in file "D:\Desktop\3rd year 2nd sem\Embedded Systems\Practical Activities\Pratical Activity #7\MPLAB Projec
      +t Directory\7-1\LE7-1.c"
   256 ;; Parameters:    Size  Location     Type
   257 ;;		None
   258 ;; Auto vars:     Size  Location     Type
   259 ;;		None
   260 ;; Return value:  Size  Location     Type
   261 ;;		None               void
   262 ;; Registers used:
   263 ;;		wreg, status,2
   264 ;; Tracked objects:
   265 ;;		On entry : 0/0
   266 ;;		On exit  : 0/0
   267 ;;		Unchanged: 0/0
   268 ;; Data sizes:     COMMON   BANK0   BANK1   BANK3   BANK2
   269 ;;      Params:         0       0       0       0       0
   270 ;;      Locals:         0       0       0       0       0
   271 ;;      Temps:          0       0       0       0       0
   272 ;;      Totals:         0       0       0       0       0
   273 ;;Total ram usage:        0 bytes
   274 ;; Hardware stack levels used:    1
   275 ;; This function calls:
   276 ;;		Nothing
   277 ;; This function is called by:
   278 ;;		_main
   279 ;; This function uses a non-reentrant model
   280 ;;
   281                           
   282                           
   283                           ;psect for function _init_I2C_Master
   284  079A                     _init_I2C_Master:	
   285                           
   286                           ;LE7-1.c: 27: TRISC3 = 1;
   287                           
   288                           ;incstack = 0
   289                           ; Regs used in _init_I2C_Master: [wreg+status,2]
   290  079A  1683               	bsf	3,5	;RP0=1, select bank1
   291  079B  1303               	bcf	3,6	;RP1=0, select bank1
   292  079C  1587               	bsf	7,3	;volatile
   293                           
   294                           ;LE7-1.c: 28: TRISC4 = 1;
   295  079D  1607               	bsf	7,4	;volatile
   296                           
   297                           ;LE7-1.c: 29: SSPCON = 0x28;
   298  079E  3028               	movlw	40
   299  079F  1283               	bcf	3,5	;RP0=0, select bank0
   300  07A0  1303               	bcf	3,6	;RP1=0, select bank0
   301  07A1  0094               	movwf	20	;volatile
   302                           
   303                           ;LE7-1.c: 30: SSPCON2 = 0x00;
   304  07A2  1683               	bsf	3,5	;RP0=1, select bank1
   305  07A3  1303               	bcf	3,6	;RP1=0, select bank1
   306  07A4  0191               	clrf	17	;volatile
   307                           
   308                           ;LE7-1.c: 32: SSPSTAT = 0x00;
   309  07A5  0194               	clrf	20	;volatile
   310                           
   311                           ;LE7-1.c: 33: SSPADD = 0x09;
   312  07A6  3009               	movlw	9
   313  07A7  0093               	movwf	19	;volatile
   314  07A8  0008               	return
   315  07A9                     __end_of_init_I2C_Master:	
   316                           
   317                           	psect	text2
   318  07A9                     __ptext2:	
   319 ;; *************** function _delay_ms *****************
   320 ;; Defined at:
   321 ;;		line 82 in file "D:\Desktop\3rd year 2nd sem\Embedded Systems\Practical Activities\Pratical Activity #7\MPLAB Projec
      +t Directory\7-1\LE7-1.c"
   322 ;; Parameters:    Size  Location     Type
   323 ;;  cnt             2    0[COMMON] int 
   324 ;; Auto vars:     Size  Location     Type
   325 ;;  j               2    4[COMMON] int 
   326 ;;  i               2    2[COMMON] int 
   327 ;; Return value:  Size  Location     Type
   328 ;;		None               void
   329 ;; Registers used:
   330 ;;		wreg, status,2, status,0, btemp+1
   331 ;; Tracked objects:
   332 ;;		On entry : 0/0
   333 ;;		On exit  : 0/0
   334 ;;		Unchanged: 0/0
   335 ;; Data sizes:     COMMON   BANK0   BANK1   BANK3   BANK2
   336 ;;      Params:         2       0       0       0       0
   337 ;;      Locals:         4       0       0       0       0
   338 ;;      Temps:          0       0       0       0       0
   339 ;;      Totals:         6       0       0       0       0
   340 ;;Total ram usage:        6 bytes
   341 ;; Hardware stack levels used:    1
   342 ;; This function calls:
   343 ;;		Nothing
   344 ;; This function is called by:
   345 ;;		_main
   346 ;; This function uses a non-reentrant model
   347 ;;
   348                           
   349                           
   350                           ;psect for function _delay_ms
   351  07A9                     _delay_ms:	
   352                           
   353                           ;LE7-1.c: 83: int i, j;
   354                           ;LE7-1.c: 84: for (i = cnt; i != 0; i--);
   355                           
   356                           ;incstack = 0
   357                           ; Regs used in _delay_ms: [wreg+status,2+status,0+btemp+1]
   358  07A9  0871               	movf	delay_ms@cnt+1,w
   359  07AA  01F3               	clrf	delay_ms@i+1
   360  07AB  07F3               	addwf	delay_ms@i+1,f
   361  07AC  0870               	movf	delay_ms@cnt,w
   362  07AD  01F2               	clrf	delay_ms@i
   363  07AE  07F2               	addwf	delay_ms@i,f
   364  07AF  0873               	movf	delay_ms@i+1,w
   365  07B0  0472               	iorwf	delay_ms@i,w
   366  07B1  1903               	btfsc	3,2
   367  07B2  2FBD               	goto	l569
   368  07B3                     l565:	
   369  07B3  30FF               	movlw	255
   370  07B4  07F2               	addwf	delay_ms@i,f
   371  07B5  1803               	skipnc
   372  07B6  0AF3               	incf	delay_ms@i+1,f
   373  07B7  30FF               	movlw	255
   374  07B8  07F3               	addwf	delay_ms@i+1,f
   375  07B9  0873               	movf	delay_ms@i+1,w
   376  07BA  0472               	iorwf	delay_ms@i,w
   377  07BB  1D03               	skipz
   378  07BC  2FB3               	goto	l565
   379  07BD                     l569:	
   380                           
   381                           ;LE7-1.c: 85: for (j = 0; j < 5000; j++);
   382  07BD  01F4               	clrf	delay_ms@j
   383  07BE  01F5               	clrf	delay_ms@j+1
   384  07BF                     L1:	
   385  07BF  0875               	movf	delay_ms@j+1,w
   386  07C0  3A80               	xorlw	128
   387  07C1  00FF               	movwf	127
   388  07C2  3093               	movlw	147
   389  07C3  027F               	subwf	127,w
   390  07C4  1D03               	skipz
   391  07C5  2FC8               	goto	u55
   392  07C6  3088               	movlw	136
   393  07C7  0274               	subwf	delay_ms@j,w
   394  07C8                     u55:	
   395  07C8  1803               	btfsc	3,0
   396  07C9  0008               	return
   397  07CA  3001               	movlw	1
   398  07CB  07F4               	addwf	delay_ms@j,f
   399  07CC  1803               	skipnc
   400  07CD  0AF5               	incf	delay_ms@j+1,f
   401  07CE  3000               	movlw	0
   402  07CF  07F5               	addwf	delay_ms@j+1,f
   403  07D0  2FBF               	goto	L1
   404  07D1                     __end_of_delay_ms:	
   405                           
   406                           	psect	text3
   407  0782                     __ptext3:	
   408 ;; *************** function _I2C_Stop *****************
   409 ;; Defined at:
   410 ;;		line 49 in file "D:\Desktop\3rd year 2nd sem\Embedded Systems\Practical Activities\Pratical Activity #7\MPLAB Projec
      +t Directory\7-1\LE7-1.c"
   411 ;; Parameters:    Size  Location     Type
   412 ;;		None
   413 ;; Auto vars:     Size  Location     Type
   414 ;;		None
   415 ;; Return value:  Size  Location     Type
   416 ;;		None               void
   417 ;; Registers used:
   418 ;;		wreg, status,2, status,0, pclath, cstack
   419 ;; Tracked objects:
   420 ;;		On entry : 0/0
   421 ;;		On exit  : 0/0
   422 ;;		Unchanged: 0/0
   423 ;; Data sizes:     COMMON   BANK0   BANK1   BANK3   BANK2
   424 ;;      Params:         0       0       0       0       0
   425 ;;      Locals:         0       0       0       0       0
   426 ;;      Temps:          0       0       0       0       0
   427 ;;      Totals:         0       0       0       0       0
   428 ;;Total ram usage:        0 bytes
   429 ;; Hardware stack levels used:    1
   430 ;; Hardware stack levels required when called:    1
   431 ;; This function calls:
   432 ;;		_I2C_Wait
   433 ;; This function is called by:
   434 ;;		_main
   435 ;; This function uses a non-reentrant model
   436 ;;
   437                           
   438                           
   439                           ;psect for function _I2C_Stop
   440  0782                     _I2C_Stop:	
   441                           
   442                           ;LE7-1.c: 51: I2C_Wait();
   443                           
   444                           ;incstack = 0
   445                           ; Regs used in _I2C_Stop: [wreg+status,2+status,0+pclath+cstack]
   446  0782  120A  118A  2789   	fcall	_I2C_Wait
   447                           
   448                           ;LE7-1.c: 53: PEN = 1;
   449  0785  1683               	bsf	3,5	;RP0=1, select bank1
   450  0786  1303               	bcf	3,6	;RP1=0, select bank1
   451  0787  1511               	bsf	17,2	;volatile
   452  0788  0008               	return
   453  0789                     __end_of_I2C_Stop:	
   454                           
   455                           	psect	text4
   456  077B                     __ptext4:	
   457 ;; *************** function _I2C_Start *****************
   458 ;; Defined at:
   459 ;;		line 42 in file "D:\Desktop\3rd year 2nd sem\Embedded Systems\Practical Activities\Pratical Activity #7\MPLAB Projec
      +t Directory\7-1\LE7-1.c"
   460 ;; Parameters:    Size  Location     Type
   461 ;;		None
   462 ;; Auto vars:     Size  Location     Type
   463 ;;		None
   464 ;; Return value:  Size  Location     Type
   465 ;;		None               void
   466 ;; Registers used:
   467 ;;		wreg, status,2, status,0, pclath, cstack
   468 ;; Tracked objects:
   469 ;;		On entry : 0/0
   470 ;;		On exit  : 0/0
   471 ;;		Unchanged: 0/0
   472 ;; Data sizes:     COMMON   BANK0   BANK1   BANK3   BANK2
   473 ;;      Params:         0       0       0       0       0
   474 ;;      Locals:         0       0       0       0       0
   475 ;;      Temps:          0       0       0       0       0
   476 ;;      Totals:         0       0       0       0       0
   477 ;;Total ram usage:        0 bytes
   478 ;; Hardware stack levels used:    1
   479 ;; Hardware stack levels required when called:    1
   480 ;; This function calls:
   481 ;;		_I2C_Wait
   482 ;; This function is called by:
   483 ;;		_main
   484 ;; This function uses a non-reentrant model
   485 ;;
   486                           
   487                           
   488                           ;psect for function _I2C_Start
   489  077B                     _I2C_Start:	
   490                           
   491                           ;LE7-1.c: 44: I2C_Wait();
   492                           
   493                           ;incstack = 0
   494                           ; Regs used in _I2C_Start: [wreg+status,2+status,0+pclath+cstack]
   495  077B  120A  118A  2789   	fcall	_I2C_Wait
   496                           
   497                           ;LE7-1.c: 46: SEN = 1;
   498  077E  1683               	bsf	3,5	;RP0=1, select bank1
   499  077F  1303               	bcf	3,6	;RP1=0, select bank1
   500  0780  1411               	bsf	17,0	;volatile
   501  0781  0008               	return
   502  0782                     __end_of_I2C_Start:	
   503                           
   504                           	psect	text5
   505  0791                     __ptext5:	
   506 ;; *************** function _I2C_Send *****************
   507 ;; Defined at:
   508 ;;		line 63 in file "D:\Desktop\3rd year 2nd sem\Embedded Systems\Practical Activities\Pratical Activity #7\MPLAB Projec
      +t Directory\7-1\LE7-1.c"
   509 ;; Parameters:    Size  Location     Type
   510 ;;  data            1    wreg     unsigned char 
   511 ;; Auto vars:     Size  Location     Type
   512 ;;  data            1    0[COMMON] unsigned char 
   513 ;; Return value:  Size  Location     Type
   514 ;;		None               void
   515 ;; Registers used:
   516 ;;		wreg, status,2, status,0, pclath, cstack
   517 ;; Tracked objects:
   518 ;;		On entry : 0/0
   519 ;;		On exit  : 0/0
   520 ;;		Unchanged: 0/0
   521 ;; Data sizes:     COMMON   BANK0   BANK1   BANK3   BANK2
   522 ;;      Params:         0       0       0       0       0
   523 ;;      Locals:         1       0       0       0       0
   524 ;;      Temps:          0       0       0       0       0
   525 ;;      Totals:         1       0       0       0       0
   526 ;;Total ram usage:        1 bytes
   527 ;; Hardware stack levels used:    1
   528 ;; Hardware stack levels required when called:    1
   529 ;; This function calls:
   530 ;;		_I2C_Wait
   531 ;; This function is called by:
   532 ;;		_main
   533 ;; This function uses a non-reentrant model
   534 ;;
   535                           
   536                           
   537                           ;psect for function _I2C_Send
   538  0791                     _I2C_Send:	
   539                           
   540                           ;incstack = 0
   541                           ; Regs used in _I2C_Send: [wreg+status,2+status,0+pclath+cstack]
   542                           ;I2C_Send@data stored from wreg
   543  0791  00F0               	movwf	I2C_Send@data
   544                           
   545                           ;LE7-1.c: 65: I2C_Wait();
   546  0792  120A  118A  2789   	fcall	_I2C_Wait
   547                           
   548                           ;LE7-1.c: 67: SSPBUF = data;
   549  0795  0870               	movf	I2C_Send@data,w
   550  0796  1283               	bcf	3,5	;RP0=0, select bank0
   551  0797  1303               	bcf	3,6	;RP1=0, select bank0
   552  0798  0093               	movwf	19	;volatile
   553  0799  0008               	return
   554  079A                     __end_of_I2C_Send:	
   555                           
   556                           	psect	text6
   557  0789                     __ptext6:	
   558 ;; *************** function _I2C_Wait *****************
   559 ;; Defined at:
   560 ;;		line 36 in file "D:\Desktop\3rd year 2nd sem\Embedded Systems\Practical Activities\Pratical Activity #7\MPLAB Projec
      +t Directory\7-1\LE7-1.c"
   561 ;; Parameters:    Size  Location     Type
   562 ;;		None
   563 ;; Auto vars:     Size  Location     Type
   564 ;;		None
   565 ;; Return value:  Size  Location     Type
   566 ;;		None               void
   567 ;; Registers used:
   568 ;;		wreg, status,2
   569 ;; Tracked objects:
   570 ;;		On entry : 0/0
   571 ;;		On exit  : 0/0
   572 ;;		Unchanged: 0/0
   573 ;; Data sizes:     COMMON   BANK0   BANK1   BANK3   BANK2
   574 ;;      Params:         0       0       0       0       0
   575 ;;      Locals:         0       0       0       0       0
   576 ;;      Temps:          0       0       0       0       0
   577 ;;      Totals:         0       0       0       0       0
   578 ;;Total ram usage:        0 bytes
   579 ;; Hardware stack levels used:    1
   580 ;; This function calls:
   581 ;;		Nothing
   582 ;; This function is called by:
   583 ;;		_I2C_Start
   584 ;;		_I2C_Stop
   585 ;;		_I2C_Send
   586 ;;		_I2C_RepeatedStart
   587 ;;		_I2C_Receive
   588 ;; This function uses a non-reentrant model
   589 ;;
   590                           
   591                           
   592                           ;psect for function _I2C_Wait
   593  0789                     _I2C_Wait:	
   594  0789                     l535:	
   595                           ;LE7-1.c: 39: while((SSPCON2 & 0x1F) || (SSPSTAT & 0x04));
   596                           
   597                           ;incstack = 0
   598                           ; Regs used in _I2C_Wait: [wreg+status,2]
   599                           
   600  0789  1683               	bsf	3,5	;RP0=1, select bank1
   601  078A  1303               	bcf	3,6	;RP1=0, select bank1
   602  078B  0811               	movf	17,w	;volatile
   603  078C  391F               	andlw	31
   604  078D  1903               	btfsc	3,2
   605  078E  1914               	btfsc	20,2	;volatile
   606  078F  2F89               	goto	l535
   607  0790  0008               	return
   608  0791                     __end_of_I2C_Wait:	
   609  007E                     btemp	set	126	;btemp
   610  007E                     wtemp	set	126
   611  007E                     wtemp0	set	126
   612  0080                     wtemp1	set	128
   613  0082                     wtemp2	set	130
   614  0084                     wtemp3	set	132
   615  0086                     wtemp4	set	134
   616  0088                     wtemp5	set	136
   617  007F                     wtemp6	set	127
   618  007E                     ttemp	set	126
   619  007E                     ttemp0	set	126
   620  0081                     ttemp1	set	129
   621  0084                     ttemp2	set	132
   622  0087                     ttemp3	set	135
   623  007F                     ttemp4	set	127
   624  007E                     ltemp	set	126
   625  007E                     ltemp0	set	126
   626  0082                     ltemp1	set	130
   627  0086                     ltemp2	set	134
   628  0080                     ltemp3	set	128


Data Sizes:
    Strings     0
    Constant    0
    Data        0
    BSS         0
    Persistent  0
    Stack       0

Auto Spaces:
    Space          Size  Autos    Used
    COMMON           14      6       6
    BANK0            80      0       0
    BANK1            80      0       0
    BANK3            96      0       0
    BANK2            96      0       0

Pointer List with Targets:

    None.

Critical Paths under _main in COMMON

    _main->_delay_ms

Critical Paths under _main in BANK0

    None.

Critical Paths under _main in BANK1

    None.

Critical Paths under _main in BANK3

    None.

Critical Paths under _main in BANK2

    None.

Call Graph Tables:

 ---------------------------------------------------------------------------------
 (Depth) Function   	        Calls       Base Space   Used Autos Params    Refs
 ---------------------------------------------------------------------------------
 (0) _main                                                 0     0      0     133
                           _I2C_Send
                          _I2C_Start
                           _I2C_Stop
                           _delay_ms
                    _init_I2C_Master
 ---------------------------------------------------------------------------------
 (1) _init_I2C_Master                                      0     0      0       0
 ---------------------------------------------------------------------------------
 (1) _delay_ms                                             6     4      2     118
                                              0 COMMON     6     4      2
 ---------------------------------------------------------------------------------
 (1) _I2C_Stop                                             0     0      0       0
                           _I2C_Wait
 ---------------------------------------------------------------------------------
 (1) _I2C_Start                                            0     0      0       0
                           _I2C_Wait
 ---------------------------------------------------------------------------------
 (1) _I2C_Send                                             1     1      0      15
                                              0 COMMON     1     1      0
                           _I2C_Wait
 ---------------------------------------------------------------------------------
 (2) _I2C_Wait                                             0     0      0       0
 ---------------------------------------------------------------------------------
 Estimated maximum stack depth 2
 ---------------------------------------------------------------------------------

 Call Graph Graphs:

 _main (ROOT)
   _I2C_Send
     _I2C_Wait
   _I2C_Start
     _I2C_Wait
   _I2C_Stop
     _I2C_Wait
   _delay_ms
   _init_I2C_Master

 Address spaces:
Name               Size   Autos  Total    Cost      Usage
BITCOMMON            E      0       0       0        0.0%
EEDATA             100      0       0       0        0.0%
NULL                 0      0       0       0        0.0%
CODE                 0      0       0       0        0.0%
COMMON               E      6       6       1       42.9%
BITSFR0              0      0       0       1        0.0%
SFR0                 0      0       0       1        0.0%
BITSFR1              0      0       0       2        0.0%
SFR1                 0      0       0       2        0.0%
STACK                0      0       0       2        0.0%
ABS                  0      0       0       3        0.0%
BITBANK0            50      0       0       4        0.0%
BITSFR3              0      0       0       4        0.0%
SFR3                 0      0       0       4        0.0%
BANK0               50      0       0       5        0.0%
BITSFR2              0      0       0       5        0.0%
SFR2                 0      0       0       5        0.0%
BITBANK1            50      0       0       6        0.0%
BANK1               50      0       0       7        0.0%
BITBANK3            60      0       0       8        0.0%
BANK3               60      0       0       9        0.0%
BITBANK2            60      0       0      10        0.0%
BANK2               60      0       0      11        0.0%
DATA                 0      0       0      12        0.0%


Microchip Technology PIC Macro Assembler V1.33 build 59893 
Symbol Table                                                                                   Mon Apr 04 22:51:36 2022

      __size_of_I2C_Start 0007                        u55 07C8                       l535 0789  
                     l565 07B3                       l583 07DA                       l569 07BD  
                     _PEN 048A                       _SEN 0488                      _RCEN 048B  
                    _RSEN 0489                      _main 07D1          __end_of_I2C_Send 079A  
                    btemp 007E          __end_of_I2C_Wait 0791          __end_of_I2C_Stop 0789  
                    ltemp 007E                      start 0000                      ttemp 007E  
                    wtemp 007E                     ?_main 0070                     _ACKEN 048C  
                   _ACKDT 048D                     _PORTD 0008                     _TRISD 0088  
       __end_of_I2C_Start 0782                     ltemp0 007E                     ltemp1 0082  
                   ltemp2 0086                     ltemp3 0080                     ttemp0 007E  
                   ttemp1 0081                     ttemp2 0084                     ttemp3 0087  
                   ttemp4 007F                     status 0003                     wtemp0 007E  
                   wtemp1 0080                     wtemp2 0082                     wtemp3 0084  
                   wtemp4 0086                     wtemp5 0088                     wtemp6 007F  
         __initialization 07FC              __end_of_main 07FC                    ??_main 0076  
                  _SSPADD 0093                    _TRISC3 043B                    _TRISC4 043C  
                  _SSPCON 0014                    _SSPBUF 0013          __end_of_delay_ms 07D1  
__size_of_init_I2C_Master 000F                 ?_I2C_Send 0070                 ?_I2C_Wait 0070  
               ?_I2C_Stop 0070   __end_of__initialization 07FC            __pcstackCOMMON 0070  
              ??_I2C_Send 0070                ??_I2C_Wait 0070                ??_I2C_Stop 0070  
              __pmaintext 07D1              I2C_Send@data 0070         ??_init_I2C_Master 0070  
               ?_delay_ms 0070                   _SSPCON2 0091                   _SSPSTAT 0094  
               _I2C_Start 077B                   __ptext0 0000                   __ptext1 079A  
                 __ptext2 07A9                   __ptext3 0782                   __ptext4 077B  
                 __ptext5 0791                   __ptext6 0789                ??_delay_ms 0072  
    end_of_initialization 07FC                ?_I2C_Start 0070         __size_of_I2C_Send 0009  
       __size_of_I2C_Wait 0008         __size_of_I2C_Stop 0007       start_initialization 07FC  
             ??_I2C_Start 0070           _init_I2C_Master 079A                 ___latbits 0002  
       __size_of_delay_ms 0028                  _I2C_Send 0791                  _I2C_Wait 0789  
                _I2C_Stop 0782                 delay_ms@i 0072                 delay_ms@j 0074  
 __end_of_init_I2C_Master 07A9                  _delay_ms 07A9             __size_of_main 002B  
        ?_init_I2C_Master 0070               delay_ms@cnt 0070  
