

Microchip Technology PIC LITE Macro Assembler V1.33 build 59893 
                                                                                               Wed Feb 05 19:37:33 2025

Microchip Technology Omniscient Code Generator (Lite mode) build 59893
     1                           	processor	16F877A
     2                           	opt	pw 120
     3                           	opt	lm
     4                           	psect	maintext,global,class=CODE,split=1,delta=2
     5                           	psect	cinit,global,class=CODE,merge=1,delta=2
     6                           	psect	cstackCOMMON,global,class=COMMON,space=1,delta=1
     7                           	dabs	1,0x7E,2
     8  0000                     	;# 
     9  0001                     	;# 
    10  0002                     	;# 
    11  0003                     	;# 
    12  0004                     	;# 
    13  0005                     	;# 
    14  0006                     	;# 
    15  0007                     	;# 
    16  0008                     	;# 
    17  0009                     	;# 
    18  000A                     	;# 
    19  000B                     	;# 
    20  000C                     	;# 
    21  000D                     	;# 
    22  000E                     	;# 
    23  000E                     	;# 
    24  000F                     	;# 
    25  0010                     	;# 
    26  0011                     	;# 
    27  0012                     	;# 
    28  0013                     	;# 
    29  0014                     	;# 
    30  0015                     	;# 
    31  0015                     	;# 
    32  0016                     	;# 
    33  0017                     	;# 
    34  0018                     	;# 
    35  0019                     	;# 
    36  001A                     	;# 
    37  001B                     	;# 
    38  001B                     	;# 
    39  001C                     	;# 
    40  001D                     	;# 
    41  001E                     	;# 
    42  001F                     	;# 
    43  0081                     	;# 
    44  0085                     	;# 
    45  0086                     	;# 
    46  0087                     	;# 
    47  0088                     	;# 
    48  0089                     	;# 
    49  008C                     	;# 
    50  008D                     	;# 
    51  008E                     	;# 
    52  0091                     	;# 
    53  0092                     	;# 
    54  0093                     	;# 
    55  0094                     	;# 
    56  0098                     	;# 
    57  0099                     	;# 
    58  009C                     	;# 
    59  009D                     	;# 
    60  009E                     	;# 
    61  009F                     	;# 
    62  010C                     	;# 
    63  010D                     	;# 
    64  010E                     	;# 
    65  010F                     	;# 
    66  018C                     	;# 
    67  018D                     	;# 
    68  0006                     _PORTB	set	6
    69  0028                     _RA0	set	40
    70  009F                     _ADCON1	set	159
    71  0085                     _TRISA	set	133
    72  0086                     _TRISB	set	134
    73                           
    74                           	psect	maintext
    75  0797                     __pmaintext:	
    76                           ; #config settings
    77                           
    78                           
    79 ;;
    80 ;;Main: autosize = 0, tempsize = 0, incstack = 0, save=0
    81 ;;
    82 ;; *************** function _main *****************
    83 ;; Defined at:
    84 ;;		line 3 in file "D:\From old laptop\Subjects\Uni\3rd Year M\2nd sem\Embedded Systems\Practical Activities\Practical A
      +ctivity #1\Project Directory\LE1.c"
    85 ;; Parameters:    Size  Location     Type
    86 ;;		None
    87 ;; Auto vars:     Size  Location     Type
    88 ;;  cnt             2    2[COMMON] int 
    89 ;;  i               2    0[COMMON] int 
    90 ;; Return value:  Size  Location     Type
    91 ;;		None               void
    92 ;; Registers used:
    93 ;;		wreg, status,2, btemp+1
    94 ;; Tracked objects:
    95 ;;		On entry : 17F/0
    96 ;;		On exit  : 0/0
    97 ;;		Unchanged: 0/0
    98 ;; Data sizes:     COMMON   BANK0   BANK1   BANK3   BANK2
    99 ;;      Params:         0       0       0       0       0
   100 ;;      Locals:         4       0       0       0       0
   101 ;;      Temps:          0       0       0       0       0
   102 ;;      Totals:         4       0       0       0       0
   103 ;;Total ram usage:        4 bytes
   104 ;; This function calls:
   105 ;;		Nothing
   106 ;; This function is called by:
   107 ;;		Startup code after reset
   108 ;; This function uses a non-reentrant model
   109 ;;
   110  0797                     _main:	
   111                           
   112                           ;LE1.c: 5: int cnt,i;
   113                           ;LE1.c: 6: ADCON1 = 0x06;
   114                           
   115                           ;incstack = 0
   116                           ; Regs used in _main: [wreg+status,2+btemp+1]
   117  0797  3006               	movlw	6
   118  0798  1683               	bsf	3,5	;RP0=1, select bank1
   119  0799  1303               	bcf	3,6	;RP1=0, select bank1
   120  079A  009F               	movwf	31	;volatile
   121                           
   122                           ;LE1.c: 7: TRISA = 0x01;
   123  079B  3001               	movlw	1
   124  079C  0085               	movwf	5	;volatile
   125                           
   126                           ;LE1.c: 8: TRISB = 0x00;
   127  079D  0186               	clrf	6	;volatile
   128                           
   129                           ;LE1.c: 10: PORTB = 0x00;
   130  079E  1283               	bcf	3,5	;RP0=0, select bank0
   131  079F  1303               	bcf	3,6	;RP1=0, select bank0
   132  07A0  0186               	clrf	6	;volatile
   133  07A1                     l486:	
   134                           ;LE1.c: 11: while(1){
   135                           
   136                           
   137                           ;LE1.c: 12: if(RA0 == 1) {
   138  07A1  1283               	bcf	3,5	;RP0=0, select bank0
   139  07A2  1303               	bcf	3,6	;RP1=0, select bank0
   140  07A3  1C05               	btfss	5,0	;volatile
   141  07A4  2FA1               	goto	l486
   142                           
   143                           ;LE1.c: 13: for(i = 0; i < 3; i ++){
   144  07A5  01F0               	clrf	main@i
   145  07A6  01F1               	clrf	main@i+1
   146  07A7                     L1:	
   147  07A7  0871               	movf	main@i+1,w
   148  07A8  3A80               	xorlw	128
   149  07A9  00FF               	movwf	127
   150  07AA  3080               	movlw	128
   151  07AB  027F               	subwf	127,w
   152  07AC  1D03               	skipz
   153  07AD  2FB0               	goto	u25
   154  07AE  3003               	movlw	3
   155  07AF  0270               	subwf	main@i,w
   156  07B0                     u25:	
   157  07B0  1803               	btfsc	3,0
   158  07B1  2FA1               	goto	l486
   159                           
   160                           ;LE1.c: 14: PORTB = 0x01;
   161  07B2  3001               	movlw	1
   162  07B3  1283               	bcf	3,5	;RP0=0, select bank0
   163  07B4  1303               	bcf	3,6	;RP1=0, select bank0
   164  07B5  0086               	movwf	6	;volatile
   165                           
   166                           ;LE1.c: 15: for(cnt=0;cnt<10000;cnt++);
   167  07B6  01F2               	clrf	main@cnt
   168  07B7  01F3               	clrf	main@cnt+1
   169  07B8  0873               	movf	main@cnt+1,w
   170  07B9  3A80               	xorlw	128
   171  07BA  00FF               	movwf	127
   172  07BB  30A7               	movlw	167
   173  07BC  027F               	subwf	127,w
   174  07BD  1D03               	skipz
   175  07BE  2FC1               	goto	u35
   176  07BF  3010               	movlw	16
   177  07C0  0272               	subwf	main@cnt,w
   178  07C1                     u35:	
   179  07C1  1803               	btfsc	3,0
   180  07C2  2FD4               	goto	l506
   181  07C3                     l502:	
   182  07C3  3001               	movlw	1
   183  07C4  07F2               	addwf	main@cnt,f
   184  07C5  1803               	skipnc
   185  07C6  0AF3               	incf	main@cnt+1,f
   186  07C7  3000               	movlw	0
   187  07C8  07F3               	addwf	main@cnt+1,f
   188  07C9  0873               	movf	main@cnt+1,w
   189  07CA  3A80               	xorlw	128
   190  07CB  00FF               	movwf	127
   191  07CC  30A7               	movlw	167
   192  07CD  027F               	subwf	127,w
   193  07CE  1D03               	skipz
   194  07CF  2FD2               	goto	u45
   195  07D0  3010               	movlw	16
   196  07D1  0272               	subwf	main@cnt,w
   197  07D2                     u45:	
   198  07D2  1C03               	skipc
   199  07D3  2FC3               	goto	l502
   200  07D4                     l506:	
   201                           
   202                           ;LE1.c: 16: PORTB = 0x00;
   203  07D4  1283               	bcf	3,5	;RP0=0, select bank0
   204  07D5  1303               	bcf	3,6	;RP1=0, select bank0
   205  07D6  0186               	clrf	6	;volatile
   206                           
   207                           ;LE1.c: 17: for(cnt=0;cnt<10000;cnt++);
   208  07D7  01F2               	clrf	main@cnt
   209  07D8  01F3               	clrf	main@cnt+1
   210  07D9  0873               	movf	main@cnt+1,w
   211  07DA  3A80               	xorlw	128
   212  07DB  00FF               	movwf	127
   213  07DC  30A7               	movlw	167
   214  07DD  027F               	subwf	127,w
   215  07DE  1D03               	skipz
   216  07DF  2FE2               	goto	u55
   217  07E0  3010               	movlw	16
   218  07E1  0272               	subwf	main@cnt,w
   219  07E2                     u55:	
   220  07E2  1803               	btfsc	3,0
   221  07E3  2FF5               	goto	l516
   222  07E4                     l512:	
   223  07E4  3001               	movlw	1
   224  07E5  07F2               	addwf	main@cnt,f
   225  07E6  1803               	skipnc
   226  07E7  0AF3               	incf	main@cnt+1,f
   227  07E8  3000               	movlw	0
   228  07E9  07F3               	addwf	main@cnt+1,f
   229  07EA  0873               	movf	main@cnt+1,w
   230  07EB  3A80               	xorlw	128
   231  07EC  00FF               	movwf	127
   232  07ED  30A7               	movlw	167
   233  07EE  027F               	subwf	127,w
   234  07EF  1D03               	skipz
   235  07F0  2FF3               	goto	u65
   236  07F1  3010               	movlw	16
   237  07F2  0272               	subwf	main@cnt,w
   238  07F3                     u65:	
   239  07F3  1C03               	skipc
   240  07F4  2FE4               	goto	l512
   241  07F5                     l516:	
   242  07F5  3001               	movlw	1
   243  07F6  07F0               	addwf	main@i,f
   244  07F7  1803               	skipnc
   245  07F8  0AF1               	incf	main@i+1,f
   246  07F9  3000               	movlw	0
   247  07FA  07F1               	addwf	main@i+1,f
   248  07FB  2FA7               	goto	L1
   249  07FC                     __end_of_main:	
   250  007E                     btemp	set	126	;btemp
   251  007E                     wtemp	set	126
   252  007E                     wtemp0	set	126
   253  0080                     wtemp1	set	128
   254  0082                     wtemp2	set	130
   255  0084                     wtemp3	set	132
   256  0086                     wtemp4	set	134
   257  0088                     wtemp5	set	136
   258  007F                     wtemp6	set	127
   259  007E                     ttemp	set	126
   260  007E                     ttemp0	set	126
   261  0081                     ttemp1	set	129
   262  0084                     ttemp2	set	132
   263  0087                     ttemp3	set	135
   264  007F                     ttemp4	set	127
   265  007E                     ltemp	set	126
   266  007E                     ltemp0	set	126
   267  0082                     ltemp1	set	130
   268  0086                     ltemp2	set	134
   269  0080                     ltemp3	set	128
   270                           
   271                           	psect	cinit
   272  07FC                     start_initialization:	
   273                           ;psect for function _main
   274                           
   275  07FC                     __initialization:	
   276  07FC                     end_of_initialization:	
   277                           ;End of C runtime variable initialization code
   278                           
   279  07FC                     __end_of__initialization:	
   280  07FC  0183               	clrf	3
   281  07FD  120A  118A  2F97   	ljmp	_main	;jump to C main() function
   282                           
   283                           	psect	cstackCOMMON
   284  0070                     __pcstackCOMMON:	
   285  0070                     ?_main:	
   286  0070                     ??_main:	
   287                           ; 0 bytes @ 0x0
   288                           
   289  0070                     main@i:	
   290                           ; 0 bytes @ 0x0
   291                           
   292                           
   293                           ; 2 bytes @ 0x0
   294  0070                     	ds	2
   295  0072                     main@cnt:	
   296                           
   297                           ; 2 bytes @ 0x2
   298  0072                     	ds	2


Data Sizes:
    Strings     0
    Constant    0
    Data        0
    BSS         0
    Persistent  0
    Stack       0

Auto Spaces:
    Space          Size  Autos    Used
    COMMON           14      4       4
    BANK0            80      0       0
    BANK1            80      0       0
    BANK3            96      0       0
    BANK2            96      0       0

Pointer List with Targets:

    None.

Critical Paths under _main in COMMON

    None.

Critical Paths under _main in BANK0

    None.

Critical Paths under _main in BANK1

    None.

Critical Paths under _main in BANK3

    None.

Critical Paths under _main in BANK2

    None.

Call Graph Tables:

 ---------------------------------------------------------------------------------
 (Depth) Function   	        Calls       Base Space   Used Autos Params    Refs
 ---------------------------------------------------------------------------------
 (0) _main                                                 4     4      0      90
                                              0 COMMON     4     4      0
 ---------------------------------------------------------------------------------
 Estimated maximum stack depth 0
 ---------------------------------------------------------------------------------

 Call Graph Graphs:

 _main (ROOT)

 Address spaces:
Name               Size   Autos  Total    Cost      Usage
BITCOMMON            E      0       0       0        0.0%
EEDATA             100      0       0       0        0.0%
NULL                 0      0       0       0        0.0%
CODE                 0      0       0       0        0.0%
COMMON               E      4       4       1       28.6%
BITSFR0              0      0       0       1        0.0%
SFR0                 0      0       0       1        0.0%
BITSFR1              0      0       0       2        0.0%
SFR1                 0      0       0       2        0.0%
STACK                0      0       0       2        0.0%
ABS                  0      0       0       3        0.0%
BITBANK0            50      0       0       4        0.0%
BITSFR3              0      0       0       4        0.0%
SFR3                 0      0       0       4        0.0%
BANK0               50      0       0       5        0.0%
BITSFR2              0      0       0       5        0.0%
SFR2                 0      0       0       5        0.0%
BITBANK1            50      0       0       6        0.0%
BANK1               50      0       0       7        0.0%
BITBANK3            60      0       0       8        0.0%
BANK3               60      0       0       9        0.0%
BITBANK2            60      0       0      10        0.0%
BANK2               60      0       0      11        0.0%
DATA                 0      0       0      12        0.0%


Microchip Technology PIC Macro Assembler V1.33 build 59893 
Symbol Table                                                                                   Wed Feb 05 19:37:33 2025

                     u25 07B0                       u35 07C1                       u45 07D2  
                     u55 07E2                       u65 07F3                      l502 07C3  
                    l512 07E4                      l506 07D4                      l516 07F5  
                    l486 07A1                      _RA0 0028                     _main 0797  
                   btemp 007E                     ltemp 007E                     start 0000  
                   ttemp 007E                     wtemp 007E                    ?_main 0070  
                  _PORTB 0006                    _TRISA 0085                    _TRISB 0086  
                  main@i 0070                    ltemp0 007E                    ltemp1 0082  
                  ltemp2 0086                    ltemp3 0080                    ttemp0 007E  
                  ttemp1 0081                    ttemp2 0084                    ttemp3 0087  
                  ttemp4 007F                    status 0003                    wtemp0 007E  
                  wtemp1 0080                    wtemp2 0082                    wtemp3 0084  
                  wtemp4 0086                    wtemp5 0088                    wtemp6 007F  
        __initialization 07FC             __end_of_main 07FC                   ??_main 0070  
                 _ADCON1 009F  __end_of__initialization 07FC           __pcstackCOMMON 0070  
             __pmaintext 0797                  main@cnt 0072     end_of_initialization 07FC  
    start_initialization 07FC                ___latbits 0002            __size_of_main 0065  
