

Microchip Technology PIC LITE Macro Assembler V1.33 build 59893 
                                                                                               Sun Mar 02 18:48:04 2025

Microchip Technology Omniscient Code Generator (Lite mode) build 59893
     1                           	processor	16F877A
     2                           	opt	pw 120
     3                           	opt	lm
     4                           	psect	maintext,global,class=CODE,split=1,delta=2
     5                           	psect	cinit,global,class=CODE,merge=1,delta=2
     6                           	psect	cstackCOMMON,global,class=COMMON,space=1,delta=1
     7                           	dabs	1,0x7E,2
     8  0000                     	;# 
     9  0001                     	;# 
    10  0002                     	;# 
    11  0003                     	;# 
    12  0004                     	;# 
    13  0005                     	;# 
    14  0006                     	;# 
    15  0007                     	;# 
    16  0008                     	;# 
    17  0009                     	;# 
    18  000A                     	;# 
    19  000B                     	;# 
    20  000C                     	;# 
    21  000D                     	;# 
    22  000E                     	;# 
    23  000E                     	;# 
    24  000F                     	;# 
    25  0010                     	;# 
    26  0011                     	;# 
    27  0012                     	;# 
    28  0013                     	;# 
    29  0014                     	;# 
    30  0015                     	;# 
    31  0015                     	;# 
    32  0016                     	;# 
    33  0017                     	;# 
    34  0018                     	;# 
    35  0019                     	;# 
    36  001A                     	;# 
    37  001B                     	;# 
    38  001B                     	;# 
    39  001C                     	;# 
    40  001D                     	;# 
    41  001E                     	;# 
    42  001F                     	;# 
    43  0081                     	;# 
    44  0085                     	;# 
    45  0086                     	;# 
    46  0087                     	;# 
    47  0088                     	;# 
    48  0089                     	;# 
    49  008C                     	;# 
    50  008D                     	;# 
    51  008E                     	;# 
    52  0091                     	;# 
    53  0092                     	;# 
    54  0093                     	;# 
    55  0094                     	;# 
    56  0098                     	;# 
    57  0099                     	;# 
    58  009C                     	;# 
    59  009D                     	;# 
    60  009E                     	;# 
    61  009F                     	;# 
    62  010C                     	;# 
    63  010D                     	;# 
    64  010E                     	;# 
    65  010F                     	;# 
    66  018C                     	;# 
    67  018D                     	;# 
    68  0006                     _PORTB	set	6
    69  0007                     _PORTC	set	7
    70  0034                     _RB4	set	52
    71  0086                     _TRISB	set	134
    72  0087                     _TRISC	set	135
    73                           
    74                           	psect	maintext
    75  07A7                     __pmaintext:	
    76                           ; #config settings
    77                           
    78                           
    79                           ;psect for function _main
    80  0000                     
    81 ;;
    82 ;;Main: autosize = 0, tempsize = 1, incstack = 0, save=0
    83 ;;
    84 ;; *************** function _main *****************
    85 ;; Defined at:
    86 ;;		line 12 in file "D:\From old laptop\Subjects\Uni\3rd Year M\2nd sem\Embedded Systems\Practice\keypadLed\keypadLed.c"
    87 ;; Parameters:    Size  Location     Type
    88 ;;		None
    89 ;; Auto vars:     Size  Location     Type
    90 ;;  key             1    1[COMMON] unsigned char 
    91 ;; Return value:  Size  Location     Type
    92 ;;		None               void
    93 ;; Registers used:
    94 ;;		wreg, fsr0l, fsr0h, status,2, status,0
    95 ;; Tracked objects:
    96 ;;		On entry : 17F/0
    97 ;;		On exit  : 0/0
    98 ;;		Unchanged: 0/0
    99 ;; Data sizes:     COMMON   BANK0   BANK1   BANK3   BANK2
   100 ;;      Params:         0       0       0       0       0
   101 ;;      Locals:         1       0       0       0       0
   102 ;;      Temps:          1       0       0       0       0
   103 ;;      Totals:         2       0       0       0       0
   104 ;;Total ram usage:        2 bytes
   105 ;; This function calls:
   106 ;;		Nothing
   107 ;; This function is called by:
   108 ;;		Startup code after reset
   109 ;; This function uses a non-reentrant model
   110 ;;
   111  07A7                     _main:	
   112                           
   113                           ;keypadLed.c: 13: TRISB = 0xFF;
   114                           
   115                           ;incstack = 0
   116                           ; Regs used in _main: [wreg-fsr0h+status,2+status,0]
   117  07A7  30FF               	movlw	255
   118  07A8  1683               	bsf	3,5	;RP0=1, select bank1
   119  07A9  1303               	bcf	3,6	;RP1=0, select bank1
   120  07AA  0086               	movwf	6	;volatile
   121                           
   122                           ;keypadLed.c: 14: TRISC = 0x00;
   123  07AB  0187               	clrf	7	;volatile
   124                           
   125                           ;keypadLed.c: 15: unsigned char key;
   126                           ;keypadLed.c: 17: if (RB4){
   127  07AC  1283               	bcf	3,5	;RP0=0, select bank0
   128  07AD  1303               	bcf	3,6	;RP1=0, select bank0
   129  07AE  1E06               	btfss	6,4	;volatile
   130  07AF  2FCF               	goto	l524
   131                           
   132                           ;keypadLed.c: 18: key = PORTB & 0x0F;
   133  07B0  0806               	movf	6,w	;volatile
   134  07B1  390F               	andlw	15
   135  07B2  00F0               	movwf	??_main
   136  07B3  0870               	movf	??_main,w
   137  07B4  00F1               	movwf	main@key
   138  07B5  2FD0               	goto	l15
   139  07B6                     l500:	
   140                           ;keypadLed.c: 26: case 0x00: PORTC = 0x01; break;
   141                           
   142                           ;keypadLed.c: 25: switch(key){
   143                           
   144                           ;keypadLed.c: 21: }
   145                           ;keypadLed.c: 23: while(RB4){
   146                           
   147                           ;keypadLed.c: 20: PORTC = 0x00;
   148                           
   149                           ;keypadLed.c: 19: } else{
   150                           
   151  07B6  3001               	movlw	1
   152  07B7  2FCD               	goto	L11
   153  07B8                     l502:	
   154                           ;keypadLed.c: 27: case 0x01: PORTC = 0x02; break;
   155                           
   156  07B8  3002               	movlw	2
   157  07B9  2FCD               	goto	L11
   158  07BA                     l504:	
   159                           ;keypadLed.c: 28: case 0x02: PORTC = 0x03; break;
   160                           
   161  07BA  3003               	movlw	3
   162  07BB  2FCD               	goto	L11
   163  07BC                     l506:	
   164                           ;keypadLed.c: 29: case 0x04: PORTC = 0x04; break;
   165                           
   166  07BC  3004               	movlw	4
   167  07BD  2FCD               	goto	L11
   168  07BE                     l508:	
   169                           ;keypadLed.c: 30: case 0x05: PORTC = 0x05; break;
   170                           
   171  07BE  3005               	movlw	5
   172  07BF  2FCD               	goto	L11
   173  07C0                     l510:	
   174                           ;keypadLed.c: 31: case 0x06: PORTC = 0x06; break;
   175                           
   176  07C0  3006               	movlw	6
   177  07C1  2FCD               	goto	L11
   178  07C2                     l512:	
   179                           ;keypadLed.c: 32: case 0x08: PORTC = 0x07; break;
   180                           
   181  07C2  3007               	movlw	7
   182  07C3  2FCD               	goto	L11
   183  07C4                     l514:	
   184                           ;keypadLed.c: 33: case 0x09: PORTC = 0x08; break;
   185                           
   186  07C4  3008               	movlw	8
   187  07C5  2FCD               	goto	L11
   188  07C6                     l516:	
   189                           ;keypadLed.c: 34: case 0x0A: PORTC = 0x09; break;
   190                           
   191  07C6  3009               	movlw	9
   192  07C7  2FCD               	goto	L11
   193  07C8                     l518:	
   194                           ;keypadLed.c: 35: case 0x0C: PORTC = 0x0A; break;
   195                           
   196  07C8  300A               	movlw	10
   197  07C9  2FCD               	goto	L11
   198  07CA                     l520:	
   199                           ;keypadLed.c: 36: case 0x0D: PORTC = 0x0B; break;
   200                           
   201  07CA  300B               	movlw	11
   202  07CB  2FCD               	goto	L11
   203  07CC                     l522:	
   204                           ;keypadLed.c: 37: case 0x0E: PORTC = 0x0C; break;
   205                           
   206  07CC  300C               	movlw	12
   207  07CD                     L11:	
   208  07CD  0087               	movwf	7	;volatile
   209  07CE  2FD0               	goto	l15
   210  07CF                     l524:	
   211                           ;keypadLed.c: 38: default: PORTC = 0x00; break;
   212                           
   213  07CF  0187               	clrf	7	;volatile
   214  07D0                     l15:	
   215                           ;keypadLed.c: 39: }
   216                           
   217  07D0  1E06               	btfss	6,4	;volatile
   218  07D1  2FF9               	goto	l33
   219  07D2  0871               	movf	main@key,w
   220                           
   221                           ; Switch size 1, requested type "space"
   222                           ; Number of cases is 12, Range of values is 0 to 14
   223                           ; switch strategies available:
   224                           ; Name         Instructions Cycles
   225                           ; simple_byte           37    19 (average)
   226                           ; direct_byte           53     8 (fixed)
   227                           ; jumptable            260     6 (fixed)
   228                           ;	Chosen strategy is simple_byte
   229  07D3  3A00               	xorlw	0	; case 0
   230  07D4  1903               	skipnz
   231  07D5  2FB6               	goto	l500
   232  07D6  3A01               	xorlw	1	; case 1
   233  07D7  1903               	skipnz
   234  07D8  2FB8               	goto	l502
   235  07D9  3A03               	xorlw	3	; case 2
   236  07DA  1903               	skipnz
   237  07DB  2FBA               	goto	l504
   238  07DC  3A06               	xorlw	6	; case 4
   239  07DD  1903               	skipnz
   240  07DE  2FBC               	goto	l506
   241  07DF  3A01               	xorlw	1	; case 5
   242  07E0  1903               	skipnz
   243  07E1  2FBE               	goto	l508
   244  07E2  3A03               	xorlw	3	; case 6
   245  07E3  1903               	skipnz
   246  07E4  2FC0               	goto	l510
   247  07E5  3A0E               	xorlw	14	; case 8
   248  07E6  1903               	skipnz
   249  07E7  2FC2               	goto	l512
   250  07E8  3A01               	xorlw	1	; case 9
   251  07E9  1903               	skipnz
   252  07EA  2FC4               	goto	l514
   253  07EB  3A03               	xorlw	3	; case 10
   254  07EC  1903               	skipnz
   255  07ED  2FC6               	goto	l516
   256  07EE  3A06               	xorlw	6	; case 12
   257  07EF  1903               	skipnz
   258  07F0  2FC8               	goto	l518
   259  07F1  3A01               	xorlw	1	; case 13
   260  07F2  1903               	skipnz
   261  07F3  2FCA               	goto	l520
   262  07F4  3A03               	xorlw	3	; case 14
   263  07F5  1903               	skipnz
   264  07F6  2FCC               	goto	l522
   265  07F7  2FCF               	goto	l524
   266  07F8  2FD0               	goto	l15
   267  07F9                     l33:	
   268  07F9  120A  118A  2800   	ljmp	start
   269  07FC                     __end_of_main:	
   270  007E                     btemp	set	126	;btemp
   271  007E                     wtemp	set	126
   272  007E                     wtemp0	set	126
   273  0080                     wtemp1	set	128
   274  0082                     wtemp2	set	130
   275  0084                     wtemp3	set	132
   276  0086                     wtemp4	set	134
   277  0088                     wtemp5	set	136
   278  007F                     wtemp6	set	127
   279  007E                     ttemp	set	126
   280  007E                     ttemp0	set	126
   281  0081                     ttemp1	set	129
   282  0084                     ttemp2	set	132
   283  0087                     ttemp3	set	135
   284  007F                     ttemp4	set	127
   285  007E                     ltemp	set	126
   286  007E                     ltemp0	set	126
   287  0082                     ltemp1	set	130
   288  0086                     ltemp2	set	134
   289  0080                     ltemp3	set	128
   290                           
   291                           	psect	cinit
   292  07FC                     start_initialization:	
   293  07FC                     __initialization:	
   294  07FC                     end_of_initialization:	
   295                           ;End of C runtime variable initialization code
   296                           
   297  07FC                     __end_of__initialization:	
   298  07FC  0183               	clrf	3
   299  07FD  120A  118A  2FA7   	ljmp	_main	;jump to C main() function
   300                           
   301                           	psect	cstackCOMMON
   302  0070                     __pcstackCOMMON:	
   303  0070                     ?_main:	
   304  0070                     ??_main:	
   305                           ; 0 bytes @ 0x0
   306                           
   307                           
   308                           ; 0 bytes @ 0x0
   309  0070                     	ds	1
   310  0071                     main@key:	
   311                           
   312                           ; 1 bytes @ 0x1
   313  0071                     	ds	1


Data Sizes:
    Strings     0
    Constant    0
    Data        0
    BSS         0
    Persistent  0
    Stack       0

Auto Spaces:
    Space          Size  Autos    Used
    COMMON           14      2       2
    BANK0            80      0       0
    BANK1            80      0       0
    BANK3            96      0       0
    BANK2            96      0       0

Pointer List with Targets:

    None.

Critical Paths under _main in COMMON

    None.

Critical Paths under _main in BANK0

    None.

Critical Paths under _main in BANK1

    None.

Critical Paths under _main in BANK3

    None.

Critical Paths under _main in BANK2

    None.

Call Graph Tables:

 ---------------------------------------------------------------------------------
 (Depth) Function   	        Calls       Base Space   Used Autos Params    Refs
 ---------------------------------------------------------------------------------
 (0) _main                                                 2     2      0      15
                                              0 COMMON     2     2      0
 ---------------------------------------------------------------------------------
 Estimated maximum stack depth 0
 ---------------------------------------------------------------------------------

 Call Graph Graphs:

 _main (ROOT)

 Address spaces:
Name               Size   Autos  Total    Cost      Usage
BITCOMMON            E      0       0       0        0.0%
EEDATA             100      0       0       0        0.0%
NULL                 0      0       0       0        0.0%
CODE                 0      0       0       0        0.0%
COMMON               E      2       2       1       14.3%
BITSFR0              0      0       0       1        0.0%
SFR0                 0      0       0       1        0.0%
BITSFR1              0      0       0       2        0.0%
SFR1                 0      0       0       2        0.0%
STACK                0      0       0       2        0.0%
ABS                  0      0       0       3        0.0%
BITBANK0            50      0       0       4        0.0%
BITSFR3              0      0       0       4        0.0%
SFR3                 0      0       0       4        0.0%
BANK0               50      0       0       5        0.0%
BITSFR2              0      0       0       5        0.0%
SFR2                 0      0       0       5        0.0%
BITBANK1            50      0       0       6        0.0%
BANK1               50      0       0       7        0.0%
BITBANK3            60      0       0       8        0.0%
BANK3               60      0       0       9        0.0%
BITBANK2            60      0       0      10        0.0%
BANK2               60      0       0      11        0.0%
DATA                 0      0       0      12        0.0%


Microchip Technology PIC Macro Assembler V1.33 build 59893 
Symbol Table                                                                                   Sun Mar 02 18:48:04 2025

            __CFG_CP$OFF 0000                       l15 07D0                       l33 07F9  
                    l500 07B6                      l510 07C0                      l502 07B8  
                    l520 07CA                      l512 07C2                      l504 07BA  
                    l522 07CC                      l514 07C4                      l506 07BC  
                    l524 07CF                      l516 07C6                      l508 07BE  
                    l518 07C8                      _RB4 0034             __CFG_CPD$OFF 0000  
           __CFG_FOSC$XT 0000             __CFG_LVP$OFF 0000             __CFG_WRT$OFF 0000  
                   _main 07A7                     btemp 007E            __CFG_BOREN$ON 0000  
                   ltemp 007E                     start 0000                     ttemp 007E  
                   wtemp 007E                    ?_main 0070            __CFG_WDTE$OFF 0000  
                  _PORTB 0006                    _PORTC 0007                    _TRISB 0086  
                  _TRISC 0087            __CFG_PWRTE$ON 0000                    ltemp0 007E  
                  ltemp1 0082                    ltemp2 0086                    ltemp3 0080  
                  ttemp0 007E                    ttemp1 0081                    ttemp2 0084  
                  ttemp3 0087                    ttemp4 007F                    status 0003  
                  wtemp0 007E                    wtemp1 0080                    wtemp2 0082  
                  wtemp3 0084                    wtemp4 0086                    wtemp5 0088  
                  wtemp6 007F          __initialization 07FC             __end_of_main 07FC  
                 ??_main 0070  __end_of__initialization 07FC           __pcstackCOMMON 0070  
             __pmaintext 07A7                  main@key 0071     end_of_initialization 07FC  
    start_initialization 07FC                ___latbits 0002            __size_of_main 0055  
