

Microchip Technology PIC LITE Macro Assembler V1.33 build 59893 
                                                                                               Mon Apr 04 23:25:46 2022

Microchip Technology Omniscient Code Generator (Lite mode) build 59893
     1                           	processor	16F877A
     2                           	opt	pw 120
     3                           	opt	lm
     4                           	psect	text0,local,class=CODE,merge=1,delta=2
     5                           	psect	cinit,global,class=CODE,merge=1,delta=2
     6                           	psect	cstackCOMMON,global,class=COMMON,space=1,delta=1
     7                           	psect	maintext,global,class=CODE,split=1,delta=2
     8                           	psect	text1,local,class=CODE,merge=1,delta=2
     9                           	psect	text2,local,class=CODE,merge=1,delta=2
    10                           	psect	intentry,global,class=CODE,delta=2
    11                           	dabs	1,0x7E,2
    12  0000                     	;# 
    13  0001                     	;# 
    14  0002                     	;# 
    15  0003                     	;# 
    16  0004                     	;# 
    17  0005                     	;# 
    18  0006                     	;# 
    19  0007                     	;# 
    20  0008                     	;# 
    21  0009                     	;# 
    22  000A                     	;# 
    23  000B                     	;# 
    24  000C                     	;# 
    25  000D                     	;# 
    26  000E                     	;# 
    27  000E                     	;# 
    28  000F                     	;# 
    29  0010                     	;# 
    30  0011                     	;# 
    31  0012                     	;# 
    32  0013                     	;# 
    33  0014                     	;# 
    34  0015                     	;# 
    35  0015                     	;# 
    36  0016                     	;# 
    37  0017                     	;# 
    38  0018                     	;# 
    39  0019                     	;# 
    40  001A                     	;# 
    41  001B                     	;# 
    42  001B                     	;# 
    43  001C                     	;# 
    44  001D                     	;# 
    45  001E                     	;# 
    46  001F                     	;# 
    47  0081                     	;# 
    48  0085                     	;# 
    49  0086                     	;# 
    50  0087                     	;# 
    51  0088                     	;# 
    52  0089                     	;# 
    53  008C                     	;# 
    54  008D                     	;# 
    55  008E                     	;# 
    56  0091                     	;# 
    57  0092                     	;# 
    58  0093                     	;# 
    59  0094                     	;# 
    60  0098                     	;# 
    61  0099                     	;# 
    62  009C                     	;# 
    63  009D                     	;# 
    64  009E                     	;# 
    65  009F                     	;# 
    66  010C                     	;# 
    67  010D                     	;# 
    68  010E                     	;# 
    69  010F                     	;# 
    70  018C                     	;# 
    71  018D                     	;# 
    72  0006                     _PORTB	set	6
    73  0008                     _PORTD	set	8
    74  0013                     _SSPBUF	set	19
    75  0014                     _SSPCON	set	20
    76  00A4                     _CKP	set	164
    77  005F                     _GIE	set	95
    78  005E                     _PEIE	set	94
    79  0063                     _SSPIF	set	99
    80  00A6                     _SSPOV	set	166
    81  00A7                     _WCOL	set	167
    82  0093                     _SSPADD	set	147
    83  0091                     _SSPCON2	set	145
    84  0094                     _SSPSTAT	set	148
    85  0094                     _SSPSTATbits	set	148
    86  0086                     _TRISB	set	134
    87  0088                     _TRISD	set	136
    88  04A0                     _BF	set	1184
    89  0463                     _SSPIE	set	1123
    90  043B                     _TRISC3	set	1083
    91  043C                     _TRISC4	set	1084
    92                           
    93                           	psect	text0
    94  0000                     __ptext0:	
    95                           ; #config settings
    96                           
    97                           
    98                           	psect	cinit
    99  0015                     start_initialization:	
   100                           ;psect for function _ISR
   101                           
   102  0015                     __initialization:	
   103  0015                     end_of_initialization:	
   104                           ;End of C runtime variable initialization code
   105                           
   106  0015                     __end_of__initialization:	
   107  0015  0183               	clrf	3
   108  0016  120A  118A  2876   	ljmp	_main	;jump to C main() function
   109                           
   110                           	psect	cstackCOMMON
   111  0070                     __pcstackCOMMON:	
   112  0070                     ?_init_I2C_Slave:	
   113  0070                     ?_ISR:	
   114                           ; 0 bytes @ 0x0
   115                           
   116  0070                     ??_ISR:	
   117                           ; 0 bytes @ 0x0
   118                           
   119  0070                     ?_main:	
   120                           ; 0 bytes @ 0x0
   121                           
   122                           
   123                           ; 0 bytes @ 0x0
   124  0070                     	ds	5
   125  0075                     ISR@temp:	
   126                           
   127                           ; 1 bytes @ 0x5
   128  0075                     	ds	1
   129  0076                     ??_init_I2C_Slave:	
   130  0076                     init_I2C_Slave@slave_add:	
   131                           ; 0 bytes @ 0x6
   132                           
   133                           
   134                           ; 1 bytes @ 0x6
   135  0076                     	ds	1
   136  0077                     ??_main:	
   137                           
   138                           	psect	maintext
   139  0076                     __pmaintext:	
   140                           ; 0 bytes @ 0x7
   141 ;;
   142 ;;Main: autosize = 0, tempsize = 0, incstack = 0, save=0
   143 ;;
   144 ;; *************** function _main *****************
   145 ;; Defined at:
   146 ;;		line 40 in file "D:\Desktop\3rd year 2nd sem\Embedded Systems\Practical Activities\Pratical Activity #7\MPLAB Projec
      +t Directory\7-2\LE7-2-slave.c"
   147 ;; Parameters:    Size  Location     Type
   148 ;;		None
   149 ;; Auto vars:     Size  Location     Type
   150 ;;		None
   151 ;; Return value:  Size  Location     Type
   152 ;;		None               void
   153 ;; Registers used:
   154 ;;		wreg, status,2, status,0, pclath, cstack
   155 ;; Tracked objects:
   156 ;;		On entry : 17F/0
   157 ;;		On exit  : 0/0
   158 ;;		Unchanged: 0/0
   159 ;; Data sizes:     COMMON   BANK0   BANK1   BANK3   BANK2
   160 ;;      Params:         0       0       0       0       0
   161 ;;      Locals:         0       0       0       0       0
   162 ;;      Temps:          0       0       0       0       0
   163 ;;      Totals:         0       0       0       0       0
   164 ;;Total ram usage:        0 bytes
   165 ;; Hardware stack levels required when called:    2
   166 ;; This function calls:
   167 ;;		_init_I2C_Slave
   168 ;; This function is called by:
   169 ;;		Startup code after reset
   170 ;; This function uses a non-reentrant model
   171 ;;
   172                           
   173                           
   174                           ;psect for function _main
   175  0076                     _main:	
   176                           
   177                           ;LE7-2-slave.c: 42: TRISB = 0x00;
   178                           
   179                           ;incstack = 0
   180                           ; Regs used in _main: [wreg+status,2+status,0+pclath+cstack]
   181  0076  1683               	bsf	3,5	;RP0=1, select bank1
   182  0077  1303               	bcf	3,6	;RP1=0, select bank1
   183  0078  0186               	clrf	6	;volatile
   184                           
   185                           ;LE7-2-slave.c: 43: PORTB = 0x00;
   186  0079  1283               	bcf	3,5	;RP0=0, select bank0
   187  007A  1303               	bcf	3,6	;RP1=0, select bank0
   188  007B  0186               	clrf	6	;volatile
   189                           
   190                           ;LE7-2-slave.c: 44: TRISD = 0xFF;
   191  007C  30FF               	movlw	255
   192  007D  1683               	bsf	3,5	;RP0=1, select bank1
   193  007E  1303               	bcf	3,6	;RP1=0, select bank1
   194  007F  0088               	movwf	8	;volatile
   195                           
   196                           ;LE7-2-slave.c: 45: init_I2C_Slave(0x10);
   197  0080  3010               	movlw	16
   198  0081  120A  118A  205E  120A  118A  	fcall	_init_I2C_Slave
   199  0086                     l60:	
   200                           ;LE7-2-slave.c: 46: for(;;){
   201                           
   202                           
   203                           ;LE7-2-slave.c: 47: }
   204  0086  2886               	goto	l60
   205  0087                     __end_of_main:	
   206                           
   207                           	psect	text1
   208  005E                     __ptext1:	
   209 ;; *************** function _init_I2C_Slave *****************
   210 ;; Defined at:
   211 ;;		line 56 in file "D:\Desktop\3rd year 2nd sem\Embedded Systems\Practical Activities\Pratical Activity #7\MPLAB Projec
      +t Directory\7-2\LE7-2-slave.c"
   212 ;; Parameters:    Size  Location     Type
   213 ;;  slave_add       1    wreg     unsigned char 
   214 ;; Auto vars:     Size  Location     Type
   215 ;;  slave_add       1    6[COMMON] unsigned char 
   216 ;; Return value:  Size  Location     Type
   217 ;;		None               void
   218 ;; Registers used:
   219 ;;		wreg
   220 ;; Tracked objects:
   221 ;;		On entry : 0/0
   222 ;;		On exit  : 0/0
   223 ;;		Unchanged: 0/0
   224 ;; Data sizes:     COMMON   BANK0   BANK1   BANK3   BANK2
   225 ;;      Params:         0       0       0       0       0
   226 ;;      Locals:         1       0       0       0       0
   227 ;;      Temps:          0       0       0       0       0
   228 ;;      Totals:         1       0       0       0       0
   229 ;;Total ram usage:        1 bytes
   230 ;; Hardware stack levels used:    1
   231 ;; Hardware stack levels required when called:    1
   232 ;; This function calls:
   233 ;;		Nothing
   234 ;; This function is called by:
   235 ;;		_main
   236 ;; This function uses a non-reentrant model
   237 ;;
   238                           
   239                           
   240                           ;psect for function _init_I2C_Slave
   241  005E                     _init_I2C_Slave:	
   242                           
   243                           ;incstack = 0
   244                           ; Regs used in _init_I2C_Slave: [wreg]
   245                           ;init_I2C_Slave@slave_add stored from wreg
   246  005E  00F6               	movwf	init_I2C_Slave@slave_add
   247                           
   248                           ;LE7-2-slave.c: 57: TRISC3 = 1;
   249  005F  1683               	bsf	3,5	;RP0=1, select bank1
   250  0060  1303               	bcf	3,6	;RP1=0, select bank1
   251  0061  1587               	bsf	7,3	;volatile
   252                           
   253                           ;LE7-2-slave.c: 58: TRISC4 = 1;
   254  0062  1607               	bsf	7,4	;volatile
   255                           
   256                           ;LE7-2-slave.c: 59: SSPCON = 0x36;
   257  0063  3036               	movlw	54
   258  0064  1283               	bcf	3,5	;RP0=0, select bank0
   259  0065  1303               	bcf	3,6	;RP1=0, select bank0
   260  0066  0094               	movwf	20	;volatile
   261                           
   262                           ;LE7-2-slave.c: 61: SSPCON2 = 0x01;
   263  0067  3001               	movlw	1
   264  0068  1683               	bsf	3,5	;RP0=1, select bank1
   265  0069  1303               	bcf	3,6	;RP1=0, select bank1
   266  006A  0091               	movwf	17	;volatile
   267                           
   268                           ;LE7-2-slave.c: 63: SSPSTAT = 0x80;
   269  006B  3080               	movlw	128
   270  006C  0094               	movwf	20	;volatile
   271                           
   272                           ;LE7-2-slave.c: 64: SSPADD = slave_add;
   273  006D  0876               	movf	init_I2C_Slave@slave_add,w
   274  006E  0093               	movwf	19	;volatile
   275                           
   276                           ;LE7-2-slave.c: 65: SSPIE = 1;
   277  006F  158C               	bsf	12,3	;volatile
   278                           
   279                           ;LE7-2-slave.c: 66: SSPIF = 0;
   280  0070  1283               	bcf	3,5	;RP0=0, select bank0
   281  0071  1303               	bcf	3,6	;RP1=0, select bank0
   282  0072  118C               	bcf	12,3	;volatile
   283                           
   284                           ;LE7-2-slave.c: 67: PEIE = 1;
   285  0073  170B               	bsf	11,6	;volatile
   286                           
   287                           ;LE7-2-slave.c: 68: GIE = 1;
   288  0074  178B               	bsf	11,7	;volatile
   289  0075  0008               	return
   290  0076                     __end_of_init_I2C_Slave:	
   291                           
   292                           	psect	text2
   293  0019                     __ptext2:	
   294 ;; *************** function _ISR *****************
   295 ;; Defined at:
   296 ;;		line 6 in file "D:\Desktop\3rd year 2nd sem\Embedded Systems\Practical Activities\Pratical Activity #7\MPLAB Project
      + Directory\7-2\LE7-2-slave.c"
   297 ;; Parameters:    Size  Location     Type
   298 ;;		None
   299 ;; Auto vars:     Size  Location     Type
   300 ;;  temp            1    5[COMMON] unsigned char 
   301 ;; Return value:  Size  Location     Type
   302 ;;		None               void
   303 ;; Registers used:
   304 ;;		wreg
   305 ;; Tracked objects:
   306 ;;		On entry : 0/0
   307 ;;		On exit  : 0/0
   308 ;;		Unchanged: 0/0
   309 ;; Data sizes:     COMMON   BANK0   BANK1   BANK3   BANK2
   310 ;;      Params:         0       0       0       0       0
   311 ;;      Locals:         1       0       0       0       0
   312 ;;      Temps:          5       0       0       0       0
   313 ;;      Totals:         6       0       0       0       0
   314 ;;Total ram usage:        6 bytes
   315 ;; Hardware stack levels used:    1
   316 ;; This function calls:
   317 ;;		Nothing
   318 ;; This function is called by:
   319 ;;		Interrupt level 1
   320 ;; This function uses a non-reentrant model
   321 ;;
   322                           
   323                           
   324                           ;psect for function _ISR
   325  0019                     _ISR:	
   326                           
   327                           ;LE7-2-slave.c: 8: GIE = 0;
   328  0019  138B               	bcf	11,7	;volatile
   329                           
   330                           ;LE7-2-slave.c: 9: unsigned char temp;
   331                           ;LE7-2-slave.c: 10: CKP = 0;
   332  001A  1214               	bcf	20,4	;volatile
   333                           
   334                           ;LE7-2-slave.c: 11: if(WCOL || SSPOV)
   335  001B  1B94               	btfsc	20,7	;volatile
   336  001C  281F               	goto	i1l545
   337  001D  1F14               	btfss	20,6	;volatile
   338  001E  2826               	goto	i1l553
   339  001F                     i1l545:	
   340                           
   341                           ;LE7-2-slave.c: 12: {
   342                           ;LE7-2-slave.c: 13: temp = SSPBUF;
   343  001F  0813               	movf	19,w	;volatile
   344  0020  00F0               	movwf	??_ISR
   345  0021  0870               	movf	??_ISR,w
   346  0022  00F5               	movwf	ISR@temp
   347                           
   348                           ;LE7-2-slave.c: 14: WCOL = 0;
   349  0023  1394               	bcf	20,7	;volatile
   350                           
   351                           ;LE7-2-slave.c: 15: SSPOV = 0;
   352  0024  1314               	bcf	20,6	;volatile
   353                           
   354                           ;LE7-2-slave.c: 16: CKP = 1;
   355  0025  1614               	bsf	20,4	;volatile
   356  0026                     i1l553:	
   357                           
   358                           ;LE7-2-slave.c: 17: }
   359                           ;LE7-2-slave.c: 19: if(!SSPSTATbits.D_nA && !SSPSTATbits.R_nW)
   360  0026  1683               	bsf	3,5	;RP0=1, select bank1
   361  0027  1303               	bcf	3,6	;RP1=0, select bank1
   362  0028  1E94               	btfss	20,5	;volatile
   363  0029  1914               	btfsc	20,2	;volatile
   364  002A  283B               	goto	i1l48
   365                           
   366                           ;LE7-2-slave.c: 20: {
   367                           ;LE7-2-slave.c: 21: temp = SSPBUF;
   368  002B  1283               	bcf	3,5	;RP0=0, select bank0
   369  002C  1303               	bcf	3,6	;RP1=0, select bank0
   370  002D  0813               	movf	19,w	;volatile
   371  002E  00F0               	movwf	??_ISR
   372  002F  0870               	movf	??_ISR,w
   373  0030  00F5               	movwf	ISR@temp
   374  0031                     i1l49:	
   375                           ;LE7-2-slave.c: 22: while(!BF);
   376                           
   377  0031  1683               	bsf	3,5	;RP0=1, select bank1
   378  0032  1303               	bcf	3,6	;RP1=0, select bank1
   379  0033  1C14               	btfss	20,0	;volatile
   380  0034  2831               	goto	i1l49
   381                           
   382                           ;LE7-2-slave.c: 24: PORTB = SSPBUF;
   383  0035  1283               	bcf	3,5	;RP0=0, select bank0
   384  0036  1303               	bcf	3,6	;RP1=0, select bank0
   385  0037  0813               	movf	19,w	;volatile
   386  0038  0086               	movwf	6	;volatile
   387                           
   388                           ;LE7-2-slave.c: 25: CKP = 1;
   389  0039  1614               	bsf	20,4	;volatile
   390                           
   391                           ;LE7-2-slave.c: 26: }
   392  003A  2850               	goto	i1l52
   393  003B                     i1l48:	
   394                           
   395                           ;LE7-2-slave.c: 27: else if(!SSPSTATbits.D_nA && SSPSTATbits.R_nW)
   396  003B  1E94               	btfss	20,5	;volatile
   397  003C  1D14               	btfss	20,2	;volatile
   398  003D  2850               	goto	i1l52
   399                           
   400                           ;LE7-2-slave.c: 28: {
   401                           ;LE7-2-slave.c: 29: temp = SSPBUF;
   402  003E  1283               	bcf	3,5	;RP0=0, select bank0
   403  003F  1303               	bcf	3,6	;RP1=0, select bank0
   404  0040  0813               	movf	19,w	;volatile
   405  0041  00F0               	movwf	??_ISR
   406  0042  0870               	movf	??_ISR,w
   407  0043  00F5               	movwf	ISR@temp
   408                           
   409                           ;LE7-2-slave.c: 30: BF = 0;
   410  0044  1683               	bsf	3,5	;RP0=1, select bank1
   411  0045  1303               	bcf	3,6	;RP1=0, select bank1
   412  0046  1014               	bcf	20,0	;volatile
   413                           
   414                           ;LE7-2-slave.c: 32: SSPBUF = PORTD;
   415  0047  1283               	bcf	3,5	;RP0=0, select bank0
   416  0048  1303               	bcf	3,6	;RP1=0, select bank0
   417  0049  0808               	movf	8,w	;volatile
   418  004A  0093               	movwf	19	;volatile
   419                           
   420                           ;LE7-2-slave.c: 33: CKP = 1;
   421  004B  1614               	bsf	20,4	;volatile
   422  004C                     i1l54:	
   423                           ;LE7-2-slave.c: 34: while(BF);
   424                           
   425  004C  1683               	bsf	3,5	;RP0=1, select bank1
   426  004D  1303               	bcf	3,6	;RP1=0, select bank1
   427  004E  1814               	btfsc	20,0	;volatile
   428  004F  284C               	goto	i1l54
   429  0050                     i1l52:	
   430                           
   431                           ;LE7-2-slave.c: 35: }
   432                           ;LE7-2-slave.c: 36: SSPIF = 0;
   433  0050  1283               	bcf	3,5	;RP0=0, select bank0
   434  0051  118C               	bcf	12,3	;volatile
   435                           
   436                           ;LE7-2-slave.c: 37: GIE = 1;
   437  0052  178B               	bsf	11,7	;volatile
   438  0053  0874               	movf	??_ISR+4,w
   439  0054  00FF               	movwf	127
   440  0055  0873               	movf	??_ISR+3,w
   441  0056  008A               	movwf	10
   442  0057  0872               	movf	??_ISR+2,w
   443  0058  0084               	movwf	4
   444  0059  0E71               	swapf	(??_ISR+1)^(0+-128),w
   445  005A  0083               	movwf	3
   446  005B  0EFE               	swapf	126,f
   447  005C  0E7E               	swapf	126,w
   448  005D  0009               	retfie
   449  005E                     __end_of_ISR:	
   450  007E                     btemp	set	126	;btemp
   451  007E                     wtemp	set	126
   452  007E                     wtemp0	set	126
   453  0080                     wtemp1	set	128
   454  0082                     wtemp2	set	130
   455  0084                     wtemp3	set	132
   456  0086                     wtemp4	set	134
   457  0088                     wtemp5	set	136
   458  007F                     wtemp6	set	127
   459  007E                     ttemp	set	126
   460  007E                     ttemp0	set	126
   461  0081                     ttemp1	set	129
   462  0084                     ttemp2	set	132
   463  0087                     ttemp3	set	135
   464  007F                     ttemp4	set	127
   465  007E                     ltemp	set	126
   466  007E                     ltemp0	set	126
   467  0082                     ltemp1	set	130
   468  0086                     ltemp2	set	134
   469  0080                     ltemp3	set	128
   470                           
   471                           	psect	intentry
   472  0004                     __pintentry:	
   473                           ;incstack = 0
   474                           ; Regs used in _ISR: [wreg]
   475                           
   476  0004                     interrupt_function:	
   477  007E                     saved_w	set	btemp
   478  0004  00FE               	movwf	btemp
   479  0005  0E03               	swapf	3,w
   480  0006  00F1               	movwf	??_ISR+1
   481  0007  0804               	movf	4,w
   482  0008  00F2               	movwf	??_ISR+2
   483  0009  080A               	movf	10,w
   484  000A  00F3               	movwf	??_ISR+3
   485  000B  1283               	bcf	3,5	;RP0=0, select bank0
   486  000C  1303               	bcf	3,6	;RP1=0, select bank0
   487  000D  087F               	movf	btemp+1,w
   488  000E  00F4               	movwf	??_ISR+4
   489  000F  120A  118A  2819   	ljmp	_ISR


Data Sizes:
    Strings     0
    Constant    0
    Data        0
    BSS         0
    Persistent  0
    Stack       0

Auto Spaces:
    Space          Size  Autos    Used
    COMMON           14      7       7
    BANK0            80      0       0
    BANK1            80      0       0
    BANK3            96      0       0
    BANK2            96      0       0

Pointer List with Targets:

    None.

Critical Paths under _main in COMMON

    _main->_init_I2C_Slave

Critical Paths under _ISR in COMMON

    None.

Critical Paths under _main in BANK0

    None.

Critical Paths under _ISR in BANK0

    None.

Critical Paths under _main in BANK1

    None.

Critical Paths under _ISR in BANK1

    None.

Critical Paths under _main in BANK3

    None.

Critical Paths under _ISR in BANK3

    None.

Critical Paths under _main in BANK2

    None.

Critical Paths under _ISR in BANK2

    None.

Call Graph Tables:

 ---------------------------------------------------------------------------------
 (Depth) Function   	        Calls       Base Space   Used Autos Params    Refs
 ---------------------------------------------------------------------------------
 (0) _main                                                 0     0      0      15
                     _init_I2C_Slave
 ---------------------------------------------------------------------------------
 (1) _init_I2C_Slave                                       1     1      0      15
                                              6 COMMON     1     1      0
 ---------------------------------------------------------------------------------
 Estimated maximum stack depth 1
 ---------------------------------------------------------------------------------
 (Depth) Function   	        Calls       Base Space   Used Autos Params    Refs
 ---------------------------------------------------------------------------------
 (2) _ISR                                                  6     6      0       0
                                              0 COMMON     6     6      0
 ---------------------------------------------------------------------------------
 Estimated maximum stack depth 2
 ---------------------------------------------------------------------------------

 Call Graph Graphs:

 _main (ROOT)
   _init_I2C_Slave

 _ISR (ROOT)

 Address spaces:
Name               Size   Autos  Total    Cost      Usage
BITCOMMON            E      0       0       0        0.0%
EEDATA             100      0       0       0        0.0%
NULL                 0      0       0       0        0.0%
CODE                 0      0       0       0        0.0%
COMMON               E      7       7       1       50.0%
BITSFR0              0      0       0       1        0.0%
SFR0                 0      0       0       1        0.0%
BITSFR1              0      0       0       2        0.0%
SFR1                 0      0       0       2        0.0%
STACK                0      0       0       2        0.0%
ABS                  0      0       0       3        0.0%
BITBANK0            50      0       0       4        0.0%
BITSFR3              0      0       0       4        0.0%
SFR3                 0      0       0       4        0.0%
BANK0               50      0       0       5        0.0%
BITSFR2              0      0       0       5        0.0%
SFR2                 0      0       0       5        0.0%
BITBANK1            50      0       0       6        0.0%
BANK1               50      0       0       7        0.0%
BITBANK3            60      0       0       8        0.0%
BANK3               60      0       0       9        0.0%
BITBANK2            60      0       0      10        0.0%
BANK2               60      0       0      11        0.0%
DATA                 0      0       0      12        0.0%


Microchip Technology PIC Macro Assembler V1.33 build 59893 
Symbol Table                                                                                   Mon Apr 04 23:25:46 2022

            _SSPSTATbits 0094                       _BF 04A0                       l60 0086  
                    _CKP 00A4                      _GIE 005F                      _ISR 0019  
                    fsr0 0004                     ?_ISR 0070                     _PEIE 005E  
                   i1l52 0050                     i1l54 004C                     i1l48 003B  
                   i1l49 0031                     _WCOL 00A7                     _main 0076  
                   btemp 007E                     ltemp 007E                     start 0012  
                   ttemp 007E                     wtemp 007E                    ??_ISR 0070  
init_I2C_Slave@slave_add 0076                    ?_main 0070                    i1l553 0026  
                  i1l545 001F                    _PORTB 0006                    _PORTD 0008  
                  _TRISB 0086                    _TRISD 0088                    _SSPIE 0463  
                  _SSPIF 0063                    _SSPOV 00A6  __size_of_init_I2C_Slave 0018  
                  pclath 000A                    ltemp0 007E                    ltemp1 0082  
                  ltemp2 0086                    ltemp3 0080                    ttemp0 007E  
                  ttemp1 0081                    ttemp2 0084                    ttemp3 0087  
                  ttemp4 007F                    status 0003                    wtemp0 007E  
                  wtemp1 0080                    wtemp2 0082                    wtemp3 0084  
                  wtemp4 0086                    wtemp5 0088                    wtemp6 007F  
        __initialization 0015             __end_of_main 0087                   ??_main 0077  
                 _SSPADD 0093                   _TRISC3 043B                   _TRISC4 043C  
                 _SSPCON 0014                   _SSPBUF 0013                   saved_w 007E  
__end_of__initialization 0015           __pcstackCOMMON 0070           _init_I2C_Slave 005E  
                ISR@temp 0075               __pmaintext 0076               __pintentry 0004  
 __end_of_init_I2C_Slave 0076                  _SSPCON2 0091                  _SSPSTAT 0094  
                __ptext0 0000                  __ptext1 005E                  __ptext2 0019  
           __size_of_ISR 0045          ?_init_I2C_Slave 0070     end_of_initialization 0015  
    start_initialization 0015              __end_of_ISR 005E                ___latbits 0002  
       ??_init_I2C_Slave 0076        interrupt_function 0004            __size_of_main 0011  
               intlevel1 0000  
